Start testing: May 13 05:31 UTC
----------------------------------------------------------
1/1 Testing: qa_qam_pll
1/1 Test: qa_qam_pll
Command: "/usr/bin/sh" "/home/bhagat/gr-dd_pll/build/python/qa_qam_pll_test.sh"
Directory: /home/bhagat/gr-dd_pll/build/python
"qa_qam_pll" start time: May 13 05:31 UTC
Output:
----------------------------------------------------------
vco out is 0
vco out is 0.00962126
vco out is 0.00564829
vco out is -0.00845256
vco out is -0.00905703
vco out is 0.0015488
vco out is 0.0264355
vco out is 0.0386271
vco out is 0.0440995
vco out is 0.047407
vco out is 0.0338606
vco out is 0.0210223
vco out is 0.0127734
vco out is 0.00775558
vco out is 0.0053921
vco out is 0.0169139
vco out is 0.0244406
vco out is 0.0314381
vco out is 0.0343629
vco out is 0.0327019
vco out is 0.0387616
vco out is 0.0387499
vco out is 0.0461368
vco out is 0.0419835
vco out is 0.0220501
vco out is 0.0131557
vco out is 0.0220023
vco out is 0.0246086
vco out is 0.0244274
vco out is 0.0300159
vco out is 0.035621
vco out is 0.0334016
vco out is 0.0305431
vco out is 0.0462815
vco out is 0.0681077
vco out is 0.0914604
vco out is 0.11644
vco out is 0.119043
vco out is 0.120337
vco out is 0.134653
vco out is 0.15284
vco out is 0.16675
vco out is 0.15841
vco out is 0.161917
vco out is 0.172786
vco out is 0.17192
vco out is 0.186097
vco out is 0.21246
vco out is 0.225484
vco out is 0.227035
vco out is 0.23203
vco out is 0.233874
vco out is 0.22615
vco out is 0.223075
vco out is 0.241063
vco out is 0.251141
vco out is 0.246921
vco out is 0.239508
vco out is 0.223109
vco out is 0.227425
vco out is 0.228194
vco out is 0.228397
vco out is 0.233615
vco out is 0.236685
vco out is 0.239005
vco out is 0.231841
vco out is 0.225112
vco out is 0.207731
vco out is 0.205449
vco out is 0.207319
vco out is 0.191758
vco out is 0.181021
vco out is 0.185023
vco out is 0.199946
vco out is 0.201837
vco out is 0.198823
vco out is 0.213335
vco out is 0.212725
vco out is 0.215382
vco out is 0.236847
vco out is 0.25273
vco out is 0.266293
vco out is 0.287222
vco out is 0.30923
vco out is 0.307507
vco out is 0.299065
vco out is 0.309223
vco out is 0.310679
vco out is 0.29507
vco out is 0.298977
vco out is 0.322594
vco out is 0.329227
vco out is 0.325051
vco out is 0.322295
vco out is 0.305844
vco out is 0.307392
vco out is 0.332936
vco out is 0.355307
vco out is 0.369122
vco out is 0.385287
vco out is 0.395477
vco out is 0.404034
vco out is 0.414386
vco out is 0.403063
vco out is 0.396443
vco out is 0.389045
vco out is 0.3686
vco out is 0.363484
vco out is 0.364256
vco out is 0.365584
vco out is 0.36275
vco out is 0.364466
vco out is 0.380188
vco out is 0.389273
vco out is 0.396325
vco out is 0.408664
vco out is 0.431587
vco out is 0.456166
vco out is 0.475577
vco out is 0.477151
vco out is 0.481814
vco out is 0.502272
vco out is 0.51438
vco out is 0.508309
vco out is 0.50496
vco out is 0.502058
vco out is 0.482032
vco out is 0.473551
vco out is 0.468382
vco out is 0.468301
vco out is 0.481242
vco out is 0.488074
vco out is 0.492325
vco out is 0.511148
vco out is 0.518027
vco out is 0.522568
vco out is 0.546122
vco out is 0.564397
vco out is 0.576812
vco out is 0.575599
vco out is 0.571263
vco out is 0.577829
vco out is 0.594571
vco out is 0.61205
vco out is 0.609887
vco out is 0.614393
vco out is 0.627511
vco out is 0.634248
vco out is 0.640428
vco out is 0.652857
vco out is 0.671149
vco out is 0.666785
vco out is 0.644571
vco out is 0.626941
vco out is 0.625152
vco out is 0.64111
vco out is 0.644922
vco out is 0.640676
vco out is 0.658738
vco out is 0.685529
vco out is 0.710988
vco out is 0.736238
vco out is 0.763504
vco out is 0.782263
vco out is 0.797194
vco out is 0.819605
vco out is 0.823345
vco out is 0.826363
vco out is 0.834594
vco out is 0.832437
vco out is 0.840306
vco out is 0.850694
vco out is 0.856756
vco out is 0.86352
vco out is 0.863506
vco out is 0.873954
vco out is 0.900211
vco out is 0.929404
vco out is 0.961663
vco out is 0.980969
vco out is 0.982843
vco out is 0.99637
vco out is 1.0135
vco out is 1.01272
vco out is 1.00713
vco out is 1.00062
vco out is 1.01367
vco out is 1.03804
vco out is 1.06283
vco out is 1.07064
vco out is 1.07403
vco out is 1.08846
vco out is 1.0962
vco out is 1.10086
vco out is 1.10052
vco out is 1.11614
vco out is 1.1375
vco out is 1.15276
vco out is 1.16495
vco out is 1.1779
vco out is 1.18994
vco out is 1.18833
vco out is 1.19844
vco out is 1.21481
vco out is 1.22854
vco out is 1.2425
vco out is 1.25055
vco out is 1.24863
vco out is 1.24861
vco out is 1.26424
vco out is 1.28932
vco out is 1.30636
vco out is 1.30701
vco out is 1.30413
vco out is 1.29941
vco out is 1.29173
vco out is 1.29912
vco out is 1.31293
vco out is 1.30798
vco out is 1.31724
vco out is 1.33777
vco out is 1.3355
vco out is 1.33154
vco out is 1.35377
vco out is 1.37367
vco out is 1.37348
vco out is 1.37547
vco out is 1.38765
vco out is 1.38458
vco out is 1.37441
vco out is 1.37004
vco out is 1.36135
vco out is 1.35343
vco out is 1.35764
vco out is 1.3814
vco out is 1.3964
vco out is 1.39607
vco out is 1.38945
vco out is 1.37461
vco out is 1.36701
vco out is 1.36866
vco out is 1.38455
vco out is 1.40428
vco out is 1.42124
vco out is 1.43324
vco out is 1.445
vco out is 1.47105
vco out is 1.49987
vco out is 1.52057
vco out is 1.52356
vco out is 1.52526
vco out is 1.52951
vco out is 1.52483
vco out is 1.5254
vco out is 1.52973
vco out is 1.54339
vco out is 1.55585
vco out is 1.5498
vco out is 1.54144
vco out is 1.5445
vco out is 1.55354
vco out is 1.57332
vco out is 1.60319
vco out is 1.62545
vco out is 1.62919
vco out is 1.61605
vco out is 1.62188
vco out is 1.63645
vco out is 1.65115
vco out is 1.66269
vco out is 1.65549
vco out is 1.64206
vco out is 1.64827
vco out is 1.6716
vco out is 1.6823
vco out is 1.68522
vco out is 1.69633
vco out is 1.71541
vco out is 1.72783
vco out is 1.73586
vco out is 1.75144
vco out is 1.76178
vco out is 1.75805
vco out is 1.76118
vco out is 1.77415
vco out is 1.78471
vco out is 1.78043
vco out is 1.77449
vco out is 1.77347
vco out is 1.76294
vco out is 1.75973
vco out is 1.78111
vco out is 1.81238
vco out is 1.82443
vco out is 1.82875
vco out is 1.8325
vco out is 1.84005
vco out is 1.84138
vco out is 1.83576
vco out is 1.84622
vco out is 1.85849
vco out is 1.86827
vco out is 1.88638
vco out is 1.89477
vco out is 1.90271
vco out is 1.92216
vco out is 1.93526
vco out is 1.95031
vco out is 1.95143
vco out is 1.93765
vco out is 1.93273
vco out is 1.94895
vco out is 1.96135
vco out is 1.96785
vco out is 1.97472
vco out is 1.98478
vco out is 2.00607
vco out is 2.0216
vco out is 2.04502
vco out is 2.06266
vco out is 2.07614
vco out is 2.08871
vco out is 2.10362
vco out is 2.13293
vco out is 2.16282
vco out is 2.18069
vco out is 2.19427
vco out is 2.20622
vco out is 2.21525
vco out is 2.22029
vco out is 2.22833
vco out is 2.24658
vco out is 2.25884
vco out is 2.26987
vco out is 2.29393
vco out is 2.32916
vco out is 2.35239
vco out is 2.35031
vco out is 2.35967
vco out is 2.37997
vco out is 2.37772
vco out is 2.37664
vco out is 2.38268
vco out is 2.40302
vco out is 2.42136
vco out is 2.43865
vco out is 2.45372
vco out is 2.46322
vco out is 2.48278
vco out is 2.50206
vco out is 2.50952
vco out is 2.52282
vco out is 2.55786
vco out is 2.57294
vco out is 2.58186
vco out is 2.59621
vco out is 2.60751
vco out is 2.63135
vco out is 2.64346
vco out is 2.64086
vco out is 2.64668
vco out is 2.64736
vco out is 2.65457
vco out is 2.68196
vco out is 2.69169
vco out is 2.70397
vco out is 2.73766
vco out is 2.76297
vco out is 2.77949
vco out is 2.78038
vco out is 2.79319
vco out is 2.80647
vco out is 2.80927
vco out is 2.83364
vco out is 2.85131
vco out is 2.85666
vco out is 2.86414
vco out is 2.86291
vco out is 2.84963
vco out is 2.8514
vco out is 2.86058
vco out is 2.87181
vco out is 2.88352
vco out is 2.87942
vco out is 2.86682
vco out is 2.86175
vco out is 2.87047
vco out is 2.87008
vco out is 2.87222
vco out is 2.88324
vco out is 2.89613
vco out is 2.9184
vco out is 2.94086
vco out is 2.95157
vco out is 2.94442
vco out is 2.9427
vco out is 2.94734
vco out is 2.94448
vco out is 2.94214
vco out is 2.94196
vco out is 2.94719
vco out is 2.96134
vco out is 2.97163
vco out is 2.97358
vco out is 2.99003
vco out is 3.00609
vco out is 3.00753
vco out is 3.00702
vco out is 3.00583
vco out is 3.01901
vco out is 3.02493
vco out is 3.00977
vco out is 3.01987
vco out is 3.04903
vco out is 3.07343
vco out is 3.09127
vco out is 3.11125
vco out is 3.13324
vco out is 3.14491
vco out is 3.16556
vco out is 3.19324
vco out is 3.22374
vco out is 3.24107
vco out is 3.2325
vco out is 3.23249
vco out is 3.232
vco out is 3.23474
vco out is 3.2627
vco out is 3.2853
vco out is 3.3067
vco out is 3.33948
vco out is 3.36462
vco out is 3.36732
vco out is 3.35815
vco out is 3.36512
vco out is 3.36971
vco out is 3.3745
vco out is 3.38355
vco out is 3.38183
vco out is 3.37923
vco out is 3.37379
vco out is 3.37536
vco out is 3.39467
vco out is 3.40609
vco out is 3.41976
vco out is 3.45434
vco out is 3.48753
vco out is 3.51072
vco out is 3.52349
vco out is 3.53526
vco out is 3.54304
vco out is 3.54599
vco out is 3.54589
vco out is 3.54492
vco out is 3.55402
vco out is 3.56764
vco out is 3.58877
vco out is 3.59854
vco out is 3.58939
vco out is 3.59945
vco out is 3.63048
vco out is 3.65705
vco out is 3.67777
vco out is 3.69302
vco out is 3.70779
vco out is 3.72746
vco out is 3.73133
vco out is 3.7414
vco out is 3.77464
vco out is 3.79626
vco out is 3.80327
vco out is 3.82128
vco out is 3.84908
vco out is 3.88095
vco out is 3.91226
vco out is 3.94543
vco out is 3.963
vco out is 3.97075
vco out is 3.99202
vco out is 3.99999
vco out is 3.99442
vco out is 3.98498
vco out is 3.98104
vco out is 3.98344
vco out is 3.99949
vco out is 4.01164
vco out is 4.00665
vco out is 3.99925
vco out is 4.00093
vco out is 4.00954
vco out is 4.01622
vco out is 4.0212
vco out is 4.03406
vco out is 4.06556
vco out is 4.07794
vco out is 4.07296
vco out is 4.09107
vco out is 4.10259
vco out is 4.10899
vco out is 4.13541
vco out is 4.16816
vco out is 4.18975
vco out is 4.18537
vco out is 4.1716
vco out is 4.17099
vco out is 4.17588
vco out is 4.17456
vco out is 4.17824
vco out is 4.19038
vco out is 4.19265
vco out is 4.1906
vco out is 4.18829
vco out is 4.18389
vco out is 4.20009
vco out is 4.2288
vco out is 4.23938
vco out is 4.24649
vco out is 4.25129
vco out is 4.25753
vco out is 4.27706
vco out is 4.29144
vco out is 4.30284
vco out is 4.30503
vco out is 4.3215
vco out is 4.33245
vco out is 4.3221
vco out is 4.33653
vco out is 4.36637
vco out is 4.38839
vco out is 4.39118
vco out is 4.38261
vco out is 4.38813
vco out is 4.39434
vco out is 4.38771
vco out is 4.38436
vco out is 4.38463
vco out is 4.39793
vco out is 4.40587
vco out is 4.40526
vco out is 4.4091
vco out is 4.39642
vco out is 4.4014
vco out is 4.42581
vco out is 4.43607
vco out is 4.44611
vco out is 4.45729
vco out is 4.45971
vco out is 4.46643
vco out is 4.46941
vco out is 4.46499
vco out is 4.46143
vco out is 4.46597
vco out is 4.46783
vco out is 4.45693
vco out is 4.45405
vco out is 4.471
vco out is 4.47789
vco out is 4.46921
vco out is 4.47843
vco out is 4.48612
vco out is 4.48736
vco out is 4.48563
vco out is 4.48104
vco out is 4.47645
vco out is 4.46022
vco out is 4.45983
vco out is 4.46577
vco out is 4.46888
vco out is 4.47534
vco out is 4.4656
vco out is 4.45344
vco out is 4.46798
vco out is 4.49786
vco out is 4.51205
vco out is 4.52464
vco out is 4.54986
vco out is 4.5569
vco out is 4.55852
vco out is 4.57925
vco out is 4.59571
vco out is 4.60437
vco out is 4.61879
vco out is 4.63893
vco out is 4.6674
vco out is 4.68994
vco out is 4.70127
vco out is 4.69872
vco out is 4.69673
vco out is 4.71293
vco out is 4.73207
vco out is 4.73903
vco out is 4.74209
vco out is 4.76588
vco out is 4.79011
vco out is 4.79642
vco out is 4.79899
vco out is 4.80326
vco out is 4.80136
vco out is 4.79235
vco out is 4.78186
vco out is 4.79022
vco out is 4.80189
vco out is 4.80693
vco out is 4.81314
vco out is 4.82335
vco out is 4.85091
vco out is 4.86384
vco out is 4.869
vco out is 4.87417
vco out is 4.88401
vco out is 4.89141
vco out is 4.89391
vco out is 4.91061
vco out is 4.92753
vco out is 4.94201
vco out is 4.96515
vco out is 4.98544
vco out is 5.00296
vco out is 5.01328
vco out is 5.00919
vco out is 5.02013
vco out is 5.04588
vco out is 5.07987
vco out is 5.10779
vco out is 5.11268
vco out is 5.10326
vco out is 5.10852
vco out is 5.1246
vco out is 5.1394
vco out is 5.13966
vco out is 5.1441
vco out is 5.16796
vco out is 5.18264
vco out is 5.18102
vco out is 5.16912
vco out is 5.17341
vco out is 5.1931
vco out is 5.19977
vco out is 5.19036
vco out is 5.19874
vco out is 5.22254
vco out is 5.24244
vco out is 5.24912
vco out is 5.23576
vco out is 5.23725
vco out is 5.24583
vco out is 5.25616
vco out is 5.27667
vco out is 5.29823
vco out is 5.31829
vco out is 5.321
vco out is 5.31169
vco out is 5.31053
vco out is 5.32853
vco out is 5.34785
vco out is 5.35048
vco out is 5.35645
vco out is 5.35957
vco out is 5.37249
vco out is 5.40514
vco out is 5.43337
vco out is 5.44396
vco out is 5.4387
vco out is 5.43186
vco out is 5.44551
vco out is 5.46352
vco out is 5.47091
vco out is 5.47573
vco out is 5.46408
vco out is 5.4657
vco out is 5.49239
vco out is 5.51689
vco out is 5.52205
vco out is 5.51035
vco out is 5.5085
vco out is 5.51773
vco out is 5.52057
vco out is 5.52466
vco out is 5.52165
vco out is 5.51044
vco out is 5.50468
vco out is 5.51463
vco out is 5.53111
vco out is 5.52785
vco out is 5.51454
vco out is 5.52483
vco out is 5.5404
vco out is 5.5513
vco out is 5.56101
vco out is 5.57217
vco out is 5.5971
vco out is 5.60364
vco out is 5.60862
vco out is 5.62393
vco out is 5.62759
vco out is 5.61982
vco out is 5.62765
vco out is 5.6384
vco out is 5.62575
vco out is 5.61747
vco out is 5.6091
vco out is 5.61504
vco out is 5.6285
vco out is 5.63446
vco out is 5.6574
vco out is 5.66621
vco out is 5.67158
vco out is 5.68452
vco out is 5.68771
vco out is 5.6907
vco out is 5.68323
vco out is 5.6875
vco out is 5.70608
vco out is 5.70372
vco out is 5.70909
vco out is 5.7135
vco out is 5.72038
vco out is 5.7439
vco out is 5.76286
vco out is 5.78239
vco out is 5.78486
vco out is 5.79372
vco out is 5.81725
vco out is 5.83895
vco out is 5.84589
vco out is 5.83561
vco out is 5.82676
vco out is 5.83048
vco out is 5.8537
vco out is 5.88777
vco out is 5.91775
vco out is 5.92504
vco out is 5.92245
vco out is 5.9364
vco out is 5.95109
vco out is 5.969
vco out is 5.9889
vco out is 5.98799
vco out is 5.98951
vco out is 5.99059
vco out is 5.98999
vco out is 5.99936
vco out is 5.99444
vco out is 5.9778
vco out is 5.96696
vco out is 5.9762
vco out is 5.98859
vco out is 6.00061
vco out is 6.02395
vco out is 6.0396
vco out is 6.05806
vco out is 6.09049
vco out is 6.11523
vco out is 6.12165
vco out is 6.12048
vco out is 6.13705
vco out is 6.16937
vco out is 6.18757
vco out is 6.20313
vco out is 6.23192
vco out is 6.2421
vco out is 6.23241
vco out is 6.21956
vco out is 6.22538
vco out is 6.24005
vco out is 6.24792
vco out is 6.26275
vco out is 6.26125
vco out is 6.24795
vco out is 6.23731
vco out is 6.24124
vco out is 6.25964
vco out is 6.27876
vco out is 6.2818
vco out is 6.27315
vco out is 6.26376
vco out is 6.26448
vco out is 6.28604
vco out is 6.29143
vco out is 6.28397
vco out is 6.29538
vco out is 6.30638
vco out is 6.30166
vco out is 6.29282
vco out is 6.29711
vco out is 6.32335
vco out is 6.35599
vco out is 6.37667
vco out is 6.37699
vco out is 6.37252
vco out is 6.37539
vco out is 6.39483
vco out is 6.41699
vco out is 6.41458
vco out is 6.40653
vco out is 6.41636
vco out is 6.43573
vco out is 6.44652
vco out is 6.45025
vco out is 6.4695
vco out is 6.48234
vco out is 6.47882
vco out is 6.48038
vco out is 6.48166
vco out is 6.48414
vco out is 6.48814
vco out is 6.49269
vco out is 6.49694
vco out is 6.50221
vco out is 6.51025
vco out is 6.52007
vco out is 6.52901
vco out is 6.53696
vco out is 6.54462
vco out is 6.55165
vco out is 6.55762
vco out is 6.56514
vco out is 6.57603
vco out is 6.58805
vco out is 6.60147
vco out is 6.61577
vco out is 6.62881
vco out is 6.64259
vco out is 6.657
vco out is 6.6721
vco out is 6.68862
vco out is 6.70454
vco out is 6.7201
vco out is 6.7371
vco out is 6.75513
vco out is 6.77272
vco out is 6.79101
vco out is 6.80972
vco out is 6.82728
vco out is 6.84592
vco out is 6.865
vco out is 6.88395
vco out is 6.90418
vco out is 6.92443
vco out is 6.94462
vco out is 6.96513
vco out is 6.98612
vco out is 6.99662
vco out is 6.99732
vco out is 6.99785
vco out is 6.99872
vco out is 7.00062
vco out is 7.00283
vco out is 7.00614
vco out is 7.02131
vco out is 7.04901
vco out is 7.07642
vco out is 7.10316
vco out is 7.13235
vco out is 7.16206
vco out is 7.1924
vco out is 7.22208
vco out is 7.24144
vco out is 7.25362
vco out is 7.26628
vco out is 7.27934
vco out is 7.29279
vco out is 7.30635
vco out is 7.32119
vco out is 7.33665
vco out is 7.34947
vco out is 7.35883
vco out is 7.36747
vco out is 7.3768
vco out is 7.38781
vco out is 7.40001
vco out is 7.41255
vco out is 7.42565
vco out is 7.43427
vco out is 7.43786
vco out is 7.44105
vco out is 7.44662
vco out is 7.45303
vco out is 7.45716
vco out is 7.46187
vco out is 7.468
vco out is 7.48072
vco out is 7.49997
vco out is 7.51929
vco out is 7.53848
vco out is 7.55768
vco out is 7.57746
vco out is 7.59888
vco out is 7.62107
vco out is 7.62507
vco out is 7.61286
vco out is 7.60126
vco out is 7.5908
vco out is 7.58039
vco out is 7.57114
vco out is 7.56417
vco out is 7.55535
vco out is 7.54608
vco out is 7.54009
vco out is 7.53553
vco out is 7.53115
vco out is 7.52787
vco out is 7.52526
vco out is 7.52246
vco out is 7.521
vco out is 7.52246
vco out is 7.52348
vco out is 7.52441
vco out is 7.52791
vco out is 7.53234
vco out is 7.53549
vco out is 7.53957
vco out is 7.54469
vco out is 7.55047
vco out is 7.55754
vco out is 7.56433
vco out is 7.57129
vco out is 7.58073
vco out is 7.59148
vco out is 7.60225
vco out is 7.61342
vco out is 7.6255
vco out is 7.63693
vco out is 7.64817
vco out is 7.66127
vco out is 7.67397
vco out is 7.68778
vco out is 7.7031
vco out is 7.71986
vco out is 7.73661
vco out is 7.75172
vco out is 7.76802
vco out is 7.78674
vco out is 7.80418
vco out is 7.82107
vco out is 7.84056
vco out is 7.85888
vco out is 7.87694
vco out is 7.89679
vco out is 7.91795
vco out is 7.93889
vco out is 7.95904
vco out is 7.98027
vco out is 8.00171
vco out is 8.02183
vco out is 8.04162
vco out is 8.06368
vco out is 8.08711
vco out is 8.10883
vco out is 8.13208
vco out is 8.15812
vco out is 8.18239
vco out is 8.20569
vco out is 8.2304
vco out is 8.25678
vco out is 8.284
vco out is 8.31049
vco out is 8.33899
vco out is 8.36578
vco out is 8.38956
vco out is 8.41228
vco out is 8.43494
vco out is 8.45926
vco out is 8.48425
vco out is 8.51025
vco out is 8.53551
vco out is 8.5605
vco out is 8.58627
vco out is 8.61206
vco out is 8.63028
vco out is 8.64129
vco out is 8.65299
vco out is 8.66562
vco out is 8.67778
vco out is 8.68948
vco out is 8.70215
vco out is 8.71564
vco out is 8.72661
vco out is 8.73476
vco out is 8.74234
vco out is 8.74922
vco out is 8.75681
vco out is 8.76661
vco out is 8.77711
vco out is 8.78735
vco out is 8.79843
vco out is 8.81097
vco out is 8.82397
vco out is 8.83728
vco out is 8.85237
vco out is 8.86747
vco out is 8.8808
vco out is 8.89461
vco out is 8.90479
vco out is 8.90902
vco out is 8.91245
vco out is 8.91709
vco out is 8.92183
vco out is 8.92683
vco out is 8.93423
vco out is 8.94267
vco out is 8.95704
vco out is 8.97801
vco out is 8.99794
vco out is 9.01755
vco out is 9.0383
vco out is 9.05871
vco out is 9.07804
vco out is 9.09751
vco out is 9.11286
vco out is 9.12366
vco out is 9.13443
vco out is 9.14533
vco out is 9.15715
vco out is 9.17053
vco out is 9.18465
vco out is 9.19811
vco out is 9.21793
vco out is 9.24467
vco out is 9.27109
vco out is 9.29664
vco out is 9.32074
vco out is 9.34551
vco out is 9.36433
((0.0432468460658841-0.0109829160911651j), (0.0253696906390455+0.00069136426725247j), (0.0524572702806811+0.0505473235294273j), (-0.0556690863898125+0.0567273053195921j), (-0.00709915341168951-0.0363518068711361j), (-0.0813816203316941-9.99752351932692e-05j), (-0.0281885441030595-0.0228338447495401j), (-0.0259665412262302+0.00942060444704033j), (-0.0198598596288435+0.0307794313363699j), (-0.0149895883809178+0.0504361556887989j), (-0.0575913592322312-0.040801557956935j), (0.00453285713215826-0.00770695281990838j), (-0.0392837311981496-0.0391699639004847j), (0.0339490479983139-0.0427146670740614j), (0.0779692830982996-0.00134745118744738j), (-0.0674835661090302-0.0323121072802918j), (-0.000959073848214027-0.0274525411533835j), (-0.0327604579508228-0.00758004662506555j), (-0.0180458395521417-0.0620048185103531j), (0.0388261766707441+0.0302244968796376j), (0.0300160508792481+0.0417807118816283j), (0.0413558085864834-0.0220582349959149j), (-0.00800772435658179+0.0254570893543424j), (-0.0190392607897805-0.00402896541169317j), (-0.0496992016114233+0.0381081222856811j), (-0.0158900892468079-0.0383858720117599j), (-0.0415627432689707+0.0663102039581354j), (0.0474928585221757-0.0283945139382513j), (0.0298593628082906-0.0244530685220511j), (0.0305041808606725-0.0181917930146995j), (0.023900744273773-0.0489544156852261j), (0.0121338980413134+0.019040088796367j), (-0.0219772507578651+0.00178620667623849j), (-0.00500011253557078-0.0213512656253119j), (-0.0284535192265981-0.000591494004801055j), (-0.0345089533281721+0.00402458757177515j), (0.0632769755938052+0.0244359419925638j), (-0.0430847533215537+0.00705541573305544j), (0.024078684064405-0.0122758759406348j), (0.00352906475285767-0.0618953767908156j), (0.00936876095233338+0.0112727042438985j), (0.0157372254958133+0.00678932334419219j), (-0.000504664768937608-0.0308885891601342j), (0.0500817997701207+0.0528124975599981j), (0.0414920946252712-0.0325277196317362j), (-0.000440787484447715+0.0046983593110349j), (0.000816922955748514-0.049085892696963j), (-0.0114401944365536+0.00839823693102282j), (0.0130282787438948+0.0193002547979314j), (-0.0130167239071716+0.00588991143221602j), (-0.0177771752865377-0.0185274812051903j), (0.0216157286085882+0.015442828464437j), (-0.0285840965700602+0.0156349269951738j), (-0.00844576738244323+0.0378154439462095j), (0.0237329937528662+0.0172703596191845j), (-0.0350011103412307+0.0217760366060053j), (0.00848773284660306-0.0169507202882344j), (-0.0489597715221013-0.0275009347110407j), (-0.0485567636640726-0.00214515904524928j), (0.0209965363444842+0.00650050692614053j), (-0.000997917475931216+0.0511596079324878j), (-0.0291692909730854-0.019251610307219j), (0.000976452370662464+0.00998626478562332j), (-0.0157782793363656+0.0257726915089404j), (-0.0477752027197739+0.0341606994794124j), (-0.0414202703121871-0.0270427022029558j), (0.0111691343510071-0.0305028080172109j), (-0.0334052766665478+0.00521712363253212j), (-0.0313710538357705-0.0199836034477094j), (-0.0373137706145423-0.0177064623558154j), (-0.0205541745228103+0.0184311871550322j), (-0.00597575165820417-0.0180454764685818j), (0.00838761591601097+0.0635803939379384j), (0.0111797642186544-0.0190923952707731j), (0.0246823962435402+0.0603554413094319j), (0.0182155580096223-0.00109328828203765j), (0.0161038821691987+0.00565715454840658j), (0.00711099637133452-0.0509831275164598j), (0.00653544785725285+0.0353791570344568j), (0.0357898504199172-0.0060714863054991j), (-0.0040799677684123-0.0137596542702951j), (-0.0138536429760814+0.0518068395700743j), (-0.0494160150405834+0.0106185043387647j), (-0.0301851015302561+0.0512209270530247j), (-0.0187251150543568-0.0297736843126385j), (2.42960770639756e-05-0.0445354080759942j), (0.0183909982556128-0.0322281473354546j), (-0.0202094101544268+0.0275643649575584j), (-0.00243639561276332+0.0600595688724543j), (0.0476599366187053+0.00712519340836046j), (-0.00767248044349985+0.00966515455345493j), (0.0408392455306926-0.0186217769910426j), (0.0208227065955678+0.0197838020814057j), (0.0237217922921571+0.00941492878698955j), (0.00407410824264449+0.000795608959320968j), (0.00316391413239462-0.0238843615907652j), (-0.0303634206237306-0.000617373295561085j), (-0.00580864157959722-0.0177256714165141j), (-0.00705664922724653+0.0393961128420954j), (-0.0659894564536677+0.048362066000994j), (0.066040465858484+0.00703568075132547j), (-0.0261211394324816-0.0458156875620953j), (0.00990344888624305-0.0190065367097497j), (-0.0377545831575332+0.00930394276483488j), (0.0105519703858407-0.0230604636439713j), (-0.0118575610419097+0.0174002356269168j), (-0.0143226829929064-0.0478141917368389j), (-0.0385890212607936-0.0495407506143011j), (0.0187069400158134+0.069664361762515j), (-0.0250787112399263+0.0309903372038646j), (5.89064197179971e-05+0.0130834095884579j), (-0.00391223920633367-0.0356276928430742j), (-0.0186248215153997+0.00722780033786582j), (-0.00855465049294405-0.0413508725793755j), (-0.0152451276323556+0.000964419812578669j), (0.0105903322393338+0.00443577151129804j), (0.00135106560693955-0.0299253088361296j), (0.00249346244813232-0.0183246648758628j), (-0.0198549565686998-0.0150846617671545j), (0.0601693455955441+0.0206824871469148j), (-0.019763192092755+0.000677171461634627j), (-0.036240841656963+0.0045770574147828j), (-0.0212072615840632+0.0347772642658947j), (0.00145823351508635-0.034154492396099j), (-0.0102746266869044-0.00659659403484735j), (0.0384062041740239+0.0297507003853471j), (0.0074717364202334-0.00277212627130911j), (0.048974998470911-0.0450314814814633j), (0.0439691089633837-0.00337331914016254j), (0.0317949163899791-0.000603306488005237j), (0.0151804752976143+0.0345503981009174j), (-0.00690611214064955-0.0468176900797167j), (0.00535465215892777-0.0123468956672724j), (0.0319216256174104-0.0331757121913844j), (0.0193310695008864-0.0621612449670799j), (-0.0161140657997714+0.0590023250574686j), (0.000791599207246031-0.0500374944524937j), (0.0241800013722331-0.00078239340371726j), (-0.0183814281303384-0.0208976671036446j), (-0.0158941205196396-0.0827796676419004j), (-0.0105124759126587-0.0950520376990511j), (0.00928593751180759-0.0233841120016898j), (-0.00141508900309737-0.0244329294520087j), (-0.0231103358497411-0.0276529612418342j), (-0.0113264593325715+0.0323911819653858j), (0.00746572260918466+0.034475022936951j), (-0.0156902907386037+0.000160141787049884j), (-0.0378302053966352+0.00871061356392388j), (0.0275081928781678-0.0753648143156705j), (0.00463794635617743+0.000521596554231689j), (0.0283676658606112+0.0226893469001129j), (0.0210444447655458-0.0244586007516411j), (0.0261969032703468-0.0195148577006432j), (0.0210816524137965+0.000115074725465298j), (0.0422813249199025+0.0147725651977315j), (-0.0286414982494516-0.0361925340057409j), (0.0156034415085898-0.00145784290968485j), (0.015104919778289-0.0229078421454819j), (0.0332881807479944-0.080076490077509j), (-0.0229911337650854-0.0135148647017832j), (0.0803722956821205+0.0353478591732016j), (0.0308774894539614+0.0247055683234553j), (-0.0160115173784872+0.00046435439231948j), (-0.0408753340811434-0.0220462553694442j), (0.00811865681863441-0.0185139720124128j), (-0.0298836639315881+0.0173213995812925j), (0.0102569640552591+0.00435948590072126j), (0.0602311640136365-0.0137432417472282j), (0.00525877002766443+0.0309963703136433j), (0.0409397588305117+0.0149229764847697j), (-0.0265697234540063+0.000620330967478922j), (0.0668722254930405+0.00823614605445253j), (-0.00293756621975395+0.08997763760957j), (-0.0256699439693876+0.00636527944302537j), (0.00417251310633863+0.0030378834182547j), (-0.0153267524924039+0.0203634600110809j), (-0.0404487382776595-0.0425102873048774j), (-0.0367856685440104+0.0323368089034993j), (0.0035602971468503-0.0284669709404704j), (0.00483721852450296+0.0583871989203055j), (-0.0124917035520194+0.0120971206087965j), (0.00712887919502359-0.0552648469546076j), (-0.0668241666809613+0.0119147807239085j), (-0.00903170354329286+0.00104576155376514j), (-0.00428363283087375-0.0190603963184911j), (0.0541201082003828-0.036437646623768j), (0.0315157420664601-0.0724002401146268j), (0.0400045671767335+0.0655320108856775j), (0.0712705053212492-0.03931620905982j), (0.0444118403956441-0.0423703113195672j), (0.0489530674940122+0.0062669841548065j), (0.0136514839791822+0.00654860307785041j), (-0.000781983220574231-0.0355720043732945j), (-0.0254153354335787-0.00474033369974771j), (0.025491448350567-0.0210530418453933j), (-0.0244685786456535-0.0137529838973669j), (0.00576591703336338-0.0091134918126571j), (0.0258872439741538-0.0666225065402503j), (-0.0440854382764052-0.0321554438732338j), (-0.00789078665770728+0.0223005164453434j), (-0.00531375845208987-0.0485035876650124j), (0.0177109990787096+0.0284605467942211j), (0.0862874612254003+0.0216993883640609j), (-0.00884945691888646-0.0108370285722803j), (-0.0283694921762167-0.00827486468279755j), (0.0369100072069829+0.0241336344320478j), (-0.0199304792404465+0.00507969758890326j), (-0.0149108397740437+0.0176464552378923j), (0.00570978685927797+0.00416141305157608j), (-0.0144065781213291-0.0415095968162935j), (-0.0131896781403788-0.0027596140458801j), (-0.00934116516470561+0.0250992110243308j), (0.00987405222515822+0.000347863458147093j), (0.00848239580789419+0.00228482179110777j), (0.0126688865804491-0.00158539351902605j), (-0.0202447221286552-0.0404556990564363j), (-0.012240471192838+0.0512680936539377j), (0.0684845060096617+0.00518659186002132j), (0.0168346089092568+0.0292688404121204j), (0.032512879015171+0.0277948960924208j), (0.00717962884560242-0.00149531885173578j), (-0.00320509215627799+0.00429483359857886j), (0.0190640934100587+0.0596066205536578j), (0.0186033184429817-0.0328162198666762j), (-0.00603241382740125+0.0350536482649864j), (0.0104505385442343-0.0133081690285293j), (0.0278992268106454-0.0301769950397144j), (-0.0257141467496499+0.00453829922085319j), (0.0315224075244627+0.0122305831042017j), (-0.0784322827279177-0.0121244275791602j), (0.0260424857783209+0.00331802373667261j), (0.012660386424426-0.0629205786708863j), (-0.00637278786416825-0.00658183569431131j), (-0.00510531615094532+0.00148278940424524j), (-0.00170228872879617+0.00507431041353219j), (0.0840639164012208+0.0420704497029952j), (-0.0272277009306492+0.00012874125229582j), (-0.0450381597690836-0.000528814923652938j), (0.0118917497403498-0.0282057455480301j), (0.00639205705114302-0.0111890549063563j), (-0.0564193022160474+0.0224808698671712j), (-0.020651745816614-0.0189126878573842j), (-0.0235941380361727-0.0420744931305243j), (0.0469409301779238-0.0878603571750827j), (-0.00150323976596412-0.00274872879880522j), (-0.0162102186477528+0.00438725167274426j), (0.0175973242067307+0.0519183988618733j), (0.0225191963782877+0.02763843414429j), (0.0190178004081145+0.00573449014028853j), (-0.0173975579794709+0.0154877099590018j), (-0.021841347552326-0.0104466474705597j), (0.042645204730176+0.0157681798370651j), (0.0291296767943584-0.0312216692785634j), (0.0191267049844953-0.0300918288622742j), (0.0073358528358588+0.0244504232438782j), (-0.0415181253427681-0.0232478752570253j), (-0.00772755760074412+0.0280809539217282j), (-0.0112951372209452+0.0266863348185621j), (-0.0157488310818497-0.0201262274084919j), (0.0222782365097449-0.0247725237601668j), (-0.00587359044108066-0.106662363576734j), (-0.0227010056972912+0.00601586620322621j), (-0.00639512152517777+0.00311260259590623j), (-0.00999365808026452+0.0304524707970494j), (0.038786620915761+0.00807886497388846j), (-0.00682885884794237-0.0367566790472422j), (-0.0506711485896205-0.0415229011265483j), (-0.00250733421897601-0.0152619303970391j), (-0.00688703663154853-0.00405459113828273j), (0.0221931854550895+0.00898752253175223j), (-0.0414520840255429-0.00855298839107501j), (0.00526839988697409+0.0581045679368332j), (0.0132370281770739+0.0297241155305421j), (-0.0384994956442601-0.0388245490427355j), (0.0408511774212356+0.0378908669343617j), (0.0291775837697591-0.00920808290155967j), (-0.017256278549149+0.00666920227053504j), (0.0235343231409829-0.0181828824864621j), (0.0531023247163789-0.035351835211314j), (-0.0136898173108883+0.00301654687075888j), (0.0141575706281959+0.0120967831486726j), (-0.0420804830207651-0.0283177245115806j), (-0.0213313714779957-0.0427452191298787j), (0.0198695738847378+0.043784765773223j), (-0.0378343291695235+0.0251125150635527j), (0.00471379628315814-0.0134586453023947j), (-0.024262290058464+0.0188433625673747j), (-0.0259957043977425+0.0368747809589899j), (-0.0201546305638302+0.0502508171496723j), (-0.0299947585489131+0.0180927630722845j), (0.0180677732387916-0.10024101988719j), (-0.0490519929671836-0.00061939065161091j), (0.00812364867880316-0.00953574591706833j), (0.0246813812372285+0.0618885749493605j), (0.0238536512311003-0.0287701760551509j), (-0.00198031053021851-0.0126352934016703j), (0.0113664176117112-0.030516791521387j), (0.0653223402799116-0.0381542490563484j), (-0.0067257406180245-0.0210558660295522j), (-0.00851357812472382-0.0187559247251106j), (0.0494829618994621-0.0227409465619689j), (-0.00168249640040553+0.0288379528642151j), (0.00736342220718921+0.00519261795388729j), (0.00281573076437984-0.0474307810928158j), (0.0102930241431975+0.0333687862568916j), (0.0486915526344815-0.0139395483019353j), (0.00623034717730365+0.037677726414463j), (0.0473227753532398+0.0280944838716192j), (-0.013589915313601+0.0199074351946587j), (0.0275594593322587+0.0467199054395386j), (-0.00855761040782353+0.0419577230652866j), (0.0132971816454595+0.0144406187395479j), (-0.0764795991827408+0.00795153759892129j), (-0.024458790326782+0.0207947755967953j), (-0.0459700469171862-0.00407576346954999j), (-0.041011848002219+0.00263901018916784j), (-0.00196123020910857-0.00899864988877152j), (-0.0178880170634228+0.0417978494955901j), (0.0192821668046677-0.0108681480776445j), (-0.0271803444192113-0.00561941679986628j), (-0.0184452280951067+0.0110103914347081j), (0.0107764174497705-0.0289370052886604j), (-0.0249526810208939+0.0849149794815941j), (0.00999748135065724-0.0228276906948938j), (0.00422785699806129+0.0117156132186126j), (-0.0355794935575818-0.00768781237029387j), (-0.0182026329768456-0.041887433399936j), (-0.0752816964245299-0.00550387915404804j), (-0.0130188661041415-0.0186008743363153j), (-0.0393777386364149-0.0103891682816235j), (0.0573232781266849-0.00150281071558671j), (0.000313897370891239+0.00535412054951412j), (0.00590993350236093+0.0875309466115051j), (-0.0420501264728715-0.0347163520486281j), (0.0163752278251559+0.010658602624966j), (0.00299148227609233-0.0545243438379209j), (-0.0220699356122003-0.0219217796850548j), (0.00680649477865508-0.00766423157498586j), (0.0530131294569626-0.00912848710974208j), (0.0116863407553517+0.0208300437671237j), (-0.028495606550796+0.00214133903509373j), (-0.0287974106029017+0.00308525029444085j), (0.014553965987343-0.0161864502349121j), (0.0141795076153246-0.00291383379023073j), (-0.0175475563259529+0.0206452908892111j), (-0.0373786513624612+0.0114514595819739j), (0.0183379238599079-0.0409398580373074j), (-0.0178230755147088-0.00531051505769073j), (0.0550109531271424+0.0249274731171864j), (-0.0114341824069635-0.0323769646011694j), (-0.033647849582856+0.033885430104066j), (-0.0198629509176062-0.0245804045309028j), (-0.00836982200997519-0.0263720075491726j), (0.0312440465604767+0.0210955977528674j), (-0.00052046507607117+0.0231012411886307j), (0.0274009942802559-0.0577370768337401j), (-0.0448981652765845+0.0483485577615918j), (0.0357343124723221-0.00684288562814767j), (0.000852520302869631+0.0237710732565224j), (-0.0227985898925875-0.00713244307658189j), (-0.024471380991534-0.0753817964247719j), (0.0180247924117022-0.0220986459113855j), (0.00847520459496958-0.00784974264481312j), (0.0147787948062458-0.00429307626451074j), (0.0706709794228212-0.0449173722804458j), (0.0192309652843936-0.0142510392000794j), (-0.0251188556851366+0.0400161910245124j), (-0.0311405826691622-0.0165270591221192j), (0.0344782353976931-0.00968689042093867j), (0.033916016025811-0.0139133005859472j), (-0.00940330015517471-0.0391924093359999j), (-0.030836199819943+0.0430485841813403j), (0.0225612147927291+0.0345903209952175j), (-0.061435788081151-0.0165195827281267j), (-0.004777717152133+0.0134395721272427j), (-0.0503455364924465-0.0219353000524299j), (0.00317459618922922+0.0248421632407451j), (-0.0029858888620883-0.0120895034450749j), (-0.0374491615854429-0.0330131155693816j), (0.0174732810231367+0.00297369188802627j), (0.0446485448752445-0.0392577455874364j), (-0.0477591046955182-0.0104526669139874j), (0.0176387217974201-0.000184496314598232j), (-0.00641025192381332-0.0266674838748741j), (-0.0107469191970209+0.0243829477441091j), (0.0146142966572527-0.0248489609226627j), (-0.00247954550076031-0.0278597317177519j), (-0.0389450530328434-0.0322053356543081j), (0.0215421793735494+0.00953149951035825j), (-0.0173449179377017-0.0180905627810583j), (0.0235843093617172-0.0164711487827928j), (0.0320850716563364+0.0357311601430704j), (0.0174948388217552-0.0496825801863746j), (0.00502898742022845+0.0402124018070779j), (0.00613110410931018-0.0078660447074184j), (0.0320306948060209+0.00758082416745913j), (-0.0183787051208231+0.0713248842260948j), (-0.0183203228330083+0.0648953157288363j), (-0.0151680226257579-0.00603664053370067j), (0.0128410268702243-0.0194336337364497j), (0.0482428738393824-0.0395057910105861j), (0.0212630626657681-0.0527434844680986j), (0.0471598634033973+0.0223216824868465j), (0.0371604805131245-0.013951782008481j), (0.0186041712555016-0.0403827775806816j), (-0.0169131215554192+0.0377688891003949j), (-0.0167818931394657+0.0461656474144553j), (0.0406992047788517-0.0982388267413847j), (0.0336946577305867+0.0770779675815427j), (-3.9381338626288e-05-0.0084014739815346j), (-0.000166692934574195+0.0349456026893084j), (-0.0449040608200433+0.00689809278218625j), (-0.0163174193403753-0.0292269967734867j), (-0.0346056407893155+0.0146108496694568j), (-0.0371093097498531-0.033469882231933j), (0.00679705922560816+0.0270102683840514j), (0.0261843353542828+0.0312124333954075j), (-0.0221836734071444-0.0218885927990079j), (-0.0044212637990383-0.0263282094864438j), (-0.0596249465427339+0.0236721765882141j), (0.00183911616379122-0.0855995710899338j), (-0.0284118204222285+0.0524331274987896j), (-0.00538086959111204+0.0282350885039973j), (-0.0258741542529351-0.0404600668881584j), (0.00584864392184029-0.035496469389569j), (0.0269701705101705-0.010749138020468j), (-0.0538563869631795-0.000442736562654809j), (-0.0294195495343748+0.0230606336773654j), (-0.000511067894099728-0.0241077380954054j), (0.000107117930455022-0.0306884507210708j), (0.0139444889310456+0.0316468941794461j), (-0.0130736138530949+0.0340724868656356j), (0.0614094472548625+0.0359599651279197j), (-0.0361855671411739+0.0108256723932963j), (-0.0465404373509486-0.0195738172897339j), (-0.0054070213397973-0.0201337022642412j), (0.0273220817393307-0.0358461557939053j), (0.00937591355715245+0.0082616570845572j), (-0.0414170807699447-0.0296945127883184j), (0.0432442130718386+0.0278013600044232j), (0.0307111394233656-0.018850936065238j), (0.000246918464174264+0.0418180031195051j), (-0.00779977836551156+0.0116005526272204j), (0.0119639128056203+0.00178540962080414j), (-0.0146159027584637+0.0690747746366434j), (-0.00179707809893299+0.0188826217995324j), (0.0293880056470934-0.00923548739801124j), (-0.0400680385086007+0.0189645953598367j), (-0.0214093473527701-0.0632337996554553j), (-0.0255348951793374-0.0342085464787916j), (-0.086068025228041+0.0554679242557007j), (0.0366424520242525+0.0360507959585504j), (0.0114804924917173+0.0165142931821331j), (-0.0387617898822649+0.00873016961092438j), (0.0127065913931767+0.0351939114436896j), (0.00471160665061067-0.0213158406187535j), (0.037541537354619-0.0532202899292074j), (-0.0217565578593778+0.0226886151841273j), (0.0098962098179018-0.0727384700434427j), (0.0281048290910445+0.0107184801309365j), (-0.0240483213167882+0.00224573469979564j), (-0.037237360141673-0.00299318864280479j), (0.0493747922441882-0.0186464234020723j), (0.00336230339002758-0.0392902821036759j), (-0.0107875227631742+0.000660652308746351j), (0.0533476194266629-0.0517592455542551j), (0.00433619814378418-0.0132850353903615j), (-0.0683223166370222-0.0407367945612197j), (-0.0123563269791608-0.0383363968395798j), (-0.0711599513011281+0.0168087049041425j), (-0.0213978254018903+0.0614909052135174j), (0.0133116143895891+0.00460204271196739j), (-0.0195824396363746+0.0291184319392477j), (0.0194983539058792-0.0548473427635081j), (-0.0244462621327474+0.0267402176620831j), (-0.0145872356140378-0.027707700660276j), (0.0485748427661478+0.0118659573638208j), (-0.00612865620920532+0.0198211885230121j), (-0.0238980572749819+0.0124906021508119j), (-0.0258418076976293-0.0577069754317018j), (-0.0176020799003737+0.0141265847778442j), (0.0226625710249733-0.00245975679679544j), (0.00807492308581877+0.0244175817725726j), (0.00378523410546485-0.00486784719281916j), (-0.0195782021830312-0.0340269258802035j), (-0.0228276868200885-0.0832569175307334j), (0.0267240433915078+0.036458195870503j), (0.0120443578221219-0.0481785420953449j), (-0.0413784639225317+0.0102043955507986j), (0.00526895622195323-0.0348646734624979j), (-0.0100239251994264-0.0305951261393387j), (0.021126367452978-0.0304288279722796j), (-0.037140260107897-0.0338407594537866j), (0.0293147589552113-0.0136338895360412j), (0.00378628491826675+0.0200455829815365j), (0.0239347574866729+0.0287241711146479j), (-0.0229112291100353+0.0139787365563601j), (0.0199832680436543-0.027994001592918j), (0.0205069957228328-0.0305724620220344j), (-0.00265259521153841+0.00173436709621533j), (0.0228293155511976+0.000138624504434885j), (0.017848026816409+0.0407767195164599j), (-0.03016236166201+0.0158636506678732j), (0.0299707888011668+0.0102259790924817j), (-0.00398938897845368-0.0218149937432444j), (0.000318618433621067+0.0448463201869702j), (0.0694596689441062+0.00793028683872875j), (-0.0145392435859113+0.0283376632572592j), (0.0299874116428417-0.0134948963824149j), (0.00570831664159499+0.00149539007802932j), (0.0193381938649401+0.0426656857223062j), (0.0363485777512187+0.00542172565299455j), (-0.0266085261575597+0.0296767819841226j), (0.0393516465355175+0.0448999983645605j), (0.0232568118087088-0.00603682301931458j), (0.027021402397415+0.0226050176597303j), (-0.0350251367547031+0.0132831313874354j), (-0.0311730559633936+0.0306162781807735j), (-0.00829963459542757-0.00344777094601154j), (0.0441471191653063+0.025461183339934j), (0.0768071398189572+0.0202327618728124j), (-0.058481366386788-0.00198771188011429j), (0.0182980771638372+0.0338557111824487j), (-0.00110650167366004-0.00413574629452849j), (-0.00417075789378432-0.0483123885813516j), (-0.0109156322032593-0.0238849752181909j), (0.0350921997413509-0.0359923103629548j), (-0.0323331488200841+0.0361225940829971j), (0.0292646090548692-0.00775813806041165j), (0.0197722755847638+0.00256826162456711j), (-0.0329865189410034+0.055135076340183j), (-0.0023133535013761+0.0135284805040705j), (0.0273114983989687-0.00446993644113282j), (-0.00642571136808796+0.016632519880452j), (0.00174076383161944-0.0413818094885355j), (0.0149133116710103-0.00756497631165584j), (0.00718577502736318+0.0284873049814297j), (-0.0199104829006112-0.0150374828891757j), (-0.000852966667286092+0.0468340619748208j), (-0.0197444401961593+0.00538902305417244j), (-0.0242623377577654+0.0150340400799594j), (-0.0185529324964196-0.0196133411979058j), (0.00683870356088655-0.0279261683259102j), (-0.0485351190525086-0.0535534226815514j), (-0.0120668100910273-0.00404180408515313j), (0.0451777689478744+0.0172130526044909j), (-0.0237990607327565-0.0157151503427854j), (0.00437420376350918-0.0260282208917934j), (0.0499530724551529+0.00940907978017353j), (0.0108878903532642-0.0475041645974531j), (0.0223132097622726-0.0298157785456893j), (0.0492369269239699+0.00396902693666632j), (-0.00270083528315819-0.0472160542045411j), (0.00454889589550207-0.00762544851684548j), (0.00545786464736+0.0094075964199724j), (0.000937231141873647+0.0520699100133973j), (0.00358189479684912-0.0176222308289594j), (0.0357197496961047-0.0231611045919854j), (-0.0165495514264494-0.00188147166334536j), (0.0358549384736089-0.0468814925869948j), (-0.020652346857773+0.000782546078678444j), (-0.0125666280690649+0.0228786341204123j), (-0.000644627967916223-0.0195529657789349j), (-0.0137211775398716+0.00200086714859764j), (0.0157471834576305-0.0137749061481309j), (-0.0108012767328795-0.00217544668857729j), (0.0159474325587554-0.0189415656167187j), (-0.0155874276610322+0.037127314697773j), (-0.0136379621003386-0.0693256618189221j), (-0.0363339846357333-0.0102408663612333j), (-0.0100584770546296-0.0350325599879312j), (-0.0263270829437018+0.0126259580629697j), (0.00415726811544764-0.00890337114341123j), (-0.0177879165225253-0.0325411492499364j), (0.0113532015435097+0.0262136588322465j), (0.00378621679920144-0.0500414258211161j), (-0.02032921875947+0.0164118697285033j), (0.00182462738301454+0.00413616410198906j), (-0.0196204325499571+0.0251834970710545j), (-0.0197828103204691+0.0213021162558665j), (0.040673675882902+0.0642436776908374j), (0.0108368116445763-0.00574216342985949j), (-0.00426162542083792-0.0542733709356597j), (0.0387677217269214-0.0391028624441402j), (0.0240787951926061-0.0189479039758728j), (-0.0242292647002973-0.000891539128739007j), (-0.0325557846974454-0.0460245902570283j), (-0.0132370342934998-0.0234015178356966j), (-0.0359215086043373+0.0171311058746385j), (0.00816571518509319-0.0192845568688902j), (0.0333074474397917+0.0451458792223102j), (-5.00674531903222e-05+0.0364346488981889j), (-0.0595263944140993-0.0870672793562504j), (0.0252296622651698+0.0174434126116227j), (-0.00981855699934214-0.0100217638850231j), (-0.0291498626237923+0.0336334853637246j), (0.00998396225879821-0.0200478861578972j), (-0.026234385833422-0.00899223446248846j), (-0.00942813906292488-0.00382790615774511j), (-0.0141165110433015+0.00272624292040439j), (0.0269974844292598+0.0172165863976328j), (0.0138438136766119+0.0228428437854686j), (-0.0145842295642884-0.0111373071082548j), (-0.0690562466448492+0.0220921257483373j), (-0.00210845045452597+0.032953501498331j), (-0.0591114229736439-0.0294962553548397j), (0.0212510237544005+0.0612851976657715j), (0.0133215191979751+0.00700269865085208j), (0.00192825275636077+0.0322097814529184j), (0.0503406417049919+0.0190019193815232j), (-0.030978843673774+0.0101203641065212j), (0.00678481155587419+0.0159585568130822j), (0.027612736591001-0.00833164401702666j), (-0.0265252417680946+0.0149531417294098j), (0.0146637279341392+0.00320853270217327j), (-0.0202278317336195-0.0266380525657808j), (-0.0359059831521156-0.00334703779414488j), (-0.0392060532009531+0.0640956787264522j), (0.022083381365028+0.0270538500642806j), (-0.0427645531918119+0.00707204103689418j), (0.0107249261440282-0.0731595524506791j), (0.00838071199807569-0.0256482242772297j), (-0.0318260616380886+0.00504687609987441j), (-0.0186020971159487+0.024714510630903j), (0.0120821886350985+0.00923920245253859j), (0.00441693904266895+0.0479583196617197j), (-0.0508029699763005+0.016550983301174j), (0.00899739425118178-0.00134391751505691j), (-0.0512814957861478-0.0260332749953775j), (-0.0234015264764478-0.00257913926937286j), (-0.000570620573790678-0.0702078199556228j), (0.0246935272215205-0.0101200574781509j), (0.0322230463180822+0.0264459518469697j), (0.0183345404265896+0.0134468751308227j), (0.00164860900243761-0.0629646946403747j), (0.0164681897352282-0.00133594596376659j), (0.046546987158306-0.0381865750252771j), (0.0257033848779419+0.0184159960258096j), (0.109329134272418+0.036286512000067j), (0.0494547608393124-0.00442152206908142j), (0.00355662119857-0.0294208429757375j), (0.0304885396666436-0.0309875846119167j), (0.0455838455928828-0.066349083350371j), (-0.00253090359146657+0.0499232738937739j), (0.00977664087417367-0.00638073679714137j), (-0.0862295535100445-0.0137758274864303j), (-0.000149395016933091+0.020559781738009j), (-0.00391979073521903-0.000943013434042664j), (-0.0682812148948819+0.00319997363833987j), (0.0228324084567691+0.0270573555476505j), (0.0295833618722102-0.0243354184580152j), (-0.0203161466581705+0.00484597697438826j), (-0.0554675576046569-0.022116810376492j), (-0.0403583467161574+0.00621341373479852j), (-0.0287518339430066-0.0496958336529925j), (-0.00255905246025802+0.0411122322019692j), (0.0118530078428209+0.0148863130179469j), (0.0124371336743472-0.0172893437395669j), (-0.0843524555151296-0.0397434605503557j), (0.0563423963818065+0.0237765604382847j), (0.0208585111360532+0.0380410648403835j), (-0.076093014527621+0.0364824789411551j), (0.0293542497994443+0.0458309551431091j), (0.0227703920728571-0.0270526421180184j), (0.0137732374496159-0.00462274119104609j), (-0.0121033142434963-0.00158434525473041j), (-0.027408124951998+0.0129093346752009j), (-0.0452826752114319+0.0440646148329125j), (-0.0158437122424997+0.0489260622243421j), (0.0351278944678619+0.0253096951814371j), (0.00460324107613782-0.0225494818040572j), (-0.0197888646971502-0.0445271746494756j), (0.022058727277118+0.0258798223996088j), (0.0020386178355155-0.0138804871334385j), (0.0225472575926979-0.00205474072361184j), (0.0554184811399163-0.0114645999666203j), (-0.000152083505623975-0.0420536196013015j), (-0.0397175163116602-0.059495401494235j), (0.0173331326401958+0.0360271279716277j), (-0.0295583219271414+0.00848095149803458j), (0.0151842523859766+0.00685351905650662j), (0.0783834086696432+0.00685336924532986j), (0.0143791392028974+0.0185263211152514j), (-0.0229821813812555+0.0110633889803221j), (-0.0316280494536127-0.0245596916082641j), (0.00675348418767711+0.0419164656846854j), (0.0070459982497756-0.0158903450842565j), (-0.00740360613736144-0.0360024372695505j), (0.00452416120398027-0.00796171817832519j), (0.0251590669388786+0.0165712202231175j), (-0.0460786134718322-0.0865425668885094j), (-0.0246515936531696-0.0143688033525394j), (0.0310706709445994+0.00316188957506267j), (0.00707175450262799+0.0646082444028238j), (-0.0174533732797344+0.00982958397763177j), (0.0386317689673738+0.0376686757873241j), (0.017228852545287+0.0471004668688431j), (-0.00730057610641396-0.0128535885573642j), (-0.000264206113185769-0.00298001290143271j), (0.0589036396673165-0.0343285301495854j), (-0.0165682572133143-0.0141942610021901j), (-0.0579996476419367+0.00638068360572428j), (-0.0121581078500506+0.038905441571688j), (0.0546633009762917+0.0632429508302086j), (-0.0219732900612375+0.011210119395645j), (0.0479664771188471-0.0574191580326973j), (-0.043901113196032+0.00148517278101446j), (-0.0363551910256276-0.00606305458570012j), (-0.0011272230142228-0.0444021066122966j), (-0.0303724313283347+0.0130981707565788j), (-0.0368922232996002-0.0274165300856745j), (0.0197121478016866-0.047926917555366j), (0.0197062543900587-0.0112156019828249j), (-0.0356489646778574-0.040310870346493j), (0.0193368138569545+0.0304095725146569j), (0.0295918770856322+0.0457943102232706j), (-0.00662104310927468+0.01693793061261j), (0.0321166751227584-0.0340158986012641j), (0.055388182258701+0.0257383016791777j), (-0.0403879717370956+0.00684532506958934j), (0.0379190485764939-0.0355140228619844j), (0.0276724396215513-0.0356082084764688j), (0.00474619891124575-0.00527673004734726j), (0.00450856233509498+0.0340737381059077j), (0.00987005163065627+0.0492808819037139j), (-0.0163021851100638+0.000613192575331984j), (-0.0600461021219243-0.0328693744086103j), (-0.0238936729493683+0.0137591057119471j), (-0.0296397260719311-0.0608565978352954j), (-0.0613179309315281-0.0699637549197649j), (-0.0061219058759557-0.0578363993242536j), (-0.0152142382877353+0.0432359435043873j), (0.0140509773689961+0.0154573936993311j), (-0.0438886785498611-0.0178022301311412j), (-0.0417021531786707+0.0247853033868997j), (0.011022324683855-0.0192482857339355j), (-0.0126375023127069+0.00125987810160093j), (-0.0175478062938618-0.014298931885463j), (-0.0135590339163715+0.00158160097189508j), (-0.0521532256687666-0.0356458659619789j), (0.0173055527680107+0.00835328143744574j), (-0.0314991048370656+0.00605451007686306j), (0.00698921101444669+0.0369457035552988j), (0.0105019961203254+0.00144136212877971j), (0.0289419431532974+0.0383193990807115j), (0.0339503913442553+0.0108105789993951j), (0.00511885638215357-0.00389763256959489j), (0.0515485500535304-0.0360806806446633j), (-0.0116212641438121+0.0207839937794498j), (0.0172443318075641+0.0384392556371007j), (-0.0334513668675222+0.00884907052546594j), (-0.0397040607805222-0.0367714795041368j), (0.0384453955036767+0.0132364247943417j), (0.00664591233816854-0.0178088170161663j), (-0.0578653935912042+0.0138485599176909j), (0.0143338248529975+0.0422110199440385j), (0.00946399847130619-0.0146373216813343j), (-0.0201047126255215-0.0435049905878144j), (-0.0324188819329284+0.00764064133743739j), (-0.0244741136100123-0.00308331286871995j), (0.0208462538384086-0.0755136391025966j), (0.00157062280268143+0.0500269998947295j), (-0.00903967536894249-0.0338595040011051j), (0.0667158379770532+0.0329710721187564j), (0.0106830179011081+0.0147861853492607j), (0.0328446050413925-0.0276610964686178j), (-0.0584745795033796-0.00299878328254897j), (-0.00716983773296966+0.0297893060641579j), (-0.00462550169843205+0.0220561453458877j), (-0.0277474735948041+0.0161369271504984j), (-0.0324591339506554-0.0518241531384187j), (0.0440956722726383-0.0226347191372392j), (-0.00423466912147752+0.0298122640189663j), (-0.0484559849220195-0.0247717091993748j), (-0.0155806318263213-0.00172634429713653j), (0.00821719337698765+0.0138600324607429j), (-0.0264123396782667+0.00815743472398526j), (-0.0834537391235393-0.0119946126910635j), (0.0447739457027403+0.0295293456031216j), (-0.0287946584575695+0.0108893833936873j), (-0.00753689533984838-0.00472460701380252j), (0.0349451020611022-0.0952633676952861j), (-0.0175702283410892+0.0483847339934826j), (0.00543119429487516+0.0103248012004293j), (0.0396750279792896+2.8115088463183e-05j), (-0.0331117340874914+0.00384419314940114j), (0.0387563119964526-0.0284147754945723j), (0.0424015031406308+0.0159981660589797j), (0.00583250287947379-0.00693092149692456j), (0.0244172540698496+0.0240852115251101j), (-0.0372300001656918-0.0020781645391308j), (0.0343440654401161-0.0249996703047971j), (-0.00564734803870775+0.0194146962067937j), (-0.0403115831902629-0.0311347226239642j), (-0.00986543330639956-0.033683582099876j), (-0.01346513375393-0.0335374709467988j), (0.00724594779605041+0.00784829111015208j), (0.0250727222018224+0.0270319483048376j), (0.00915293644469664-0.0657553204958224j), (-0.0336846159335824-0.0174253685181682j), (0.955398095208755-0.88375617031063j), (0.966870341972594-0.974554713232094j), (0.97743078626814-0.924990281348923j), (0.976365021771585-0.844534750903299j), (1.03967270666071-0.813126623075753j), (1.0297397449828-0.820099677856937j), (1.04109096991167-0.823196072999499j), (1.11320421660765-0.76702882885136j), (-0.206857530251581-0.375974183390468j), (-0.202678931597517-0.378819787386702j), (-0.234215495804332-0.39403248249089j), (-0.221852953753083-0.379157433462947j), (-0.242039935380573-0.407549660983877j), (-0.2165169384184-0.354270274936277j), (-0.251519955470566-0.383612529276076j), (-0.172696162647638-0.359962157689712j), (0.967698972816963+0.0821007632717945j), (1.00787829994148+0.0951201192771936j), (1.01536717761269+0.18666182602667j), (1.04924498748157+0.172561265457601j), (1.01121317244238+0.134478133376499j), (0.986755933108942+0.228305114176358j), (1.02043460082269+0.194038992194438j), (0.974960243780875+0.288901270545762j), (0.243354055106585+1.38380597942707j), (0.250131071767816+1.33307380796864j), (0.217359772691715+1.27421649224535j), (0.109567309404746+1.35942661734524j), (0.11676173555975+1.33136079051602j), (0.105611099349846+1.33636910112839j), (0.0274730426093091+1.32091630356783j), (0.0390173807903946+1.35687733498438j), (0.819562076006219-0.470607004791083j), (0.918402377814602-0.391721899302752j), (0.913225389748657-0.463804953629065j), (0.925369587709306-0.371116844573959j), (0.934454133107585-0.362255472825529j), (0.9928801338655-0.363144766027153j), (0.910662525104301-0.324660021878582j), (0.949781125516037-0.295761780074802j), (0.847667661378811+0.633973610448813j), (0.787212618756982+0.684531697503044j), (0.726397794401066+0.705716658285394j), (0.743602903759419+0.662045061428474j), (0.643969796633452+0.66405114456152j), (0.689315029226337+0.704875587729869j), (0.691013278362423+0.753657356181289j), (0.683044902586263+0.809837370701674j), (-0.167188246769863+0.40047735175203j), (-0.205437228955966+0.398751791881574j), (-0.172928493262277+0.403899266573661j), (-0.204454628261437+0.395844700801793j), (-0.23023161214454+0.352082473374375j), (-0.213144619711005+0.351937302680368j), (-0.267150131999282+0.34775750064616j), (-0.237140467419686+0.387668662186804j), (-0.756820759508559+1.1393322741796j), (-0.781565264503389+1.01993826048838j), (-0.818873918725849+1.08926375262837j), (-0.865714470091517+1.02591005011223j), (-0.871977572928794+1.05254716475679j), (-0.933499532774584+1.03894943444475j), (-0.943619817777875+0.93638568345611j), (-0.950400029922312+0.936347499806618j), (-0.263274817740782-0.99975535836891j), (-0.300591497041735-0.971650894354176j), (-0.274646369515624-0.983520181114132j), (-0.241212990153303-0.98692712850852j), (-0.155251445446571-0.979279558335926j), (-0.155148771423759-1.01425351563595j), (-0.111087654497984-0.963193491593375j), (-0.0987721127545655-1.02486950905527j), (-0.802130319521511-0.534009043273487j), (-0.858409294245593-0.557684239392858j), (-0.869740022704843-0.577419326097043j), (-0.734903757569617-0.650116400687055j), (-0.7999081875139-0.605041921560364j), (-0.832421479337706-0.588017076808762j), (-0.758092102903464-0.635872718893095j), (-0.755467155236776-0.649333406650205j), (-0.973080822476873-0.151209286275235j), (-1.00178549961222-0.166216314525276j), (-1.03436309772538-0.191088316779805j), (-0.997825213682247-0.19000733525374j), (-0.990812471405082-0.215436967589036j), (-0.942166226813146-0.242620467888471j), (-0.864378187233474-0.302662483993583j), (-0.934794481721561-0.31691695810978j), (-0.0901096000789783-0.495516545252584j), (-0.0382873391297222-0.47983482478183j), (-0.066504804394996-0.508298416561777j), (-0.00757491015271057-0.468325463358159j), (-0.0599031496589685-0.464983025487207j), (0.0210018656871401-0.434097435225355j), (-0.000111950781694201-0.437169990636669j), (-0.0240122255415113-0.440831401868984j), (-0.454869926843898+0.0102639985086214j), (-0.419128376021426-0.0543827634237225j), (-0.443645325088165-0.0254006508099108j), (-0.445593223775853-0.0638017178385703j), (-0.454730632115906-0.0557814348622127j), (-0.404321132795743-0.0753464712710359j), (-0.437985880889596-0.0510551711887646j), (-0.432543873124124-0.117063363399015j), (0.380967900215267-1.30428753341733j), (0.334452453675385-1.3315345289593j), (0.375103823261883-1.263293868803j), (0.524914311934318-1.25085306233844j), (0.480165074423815-1.31821800440916j), (0.436243307213206-1.24527189053043j), (0.546964764406994-1.2489890528915j), (0.532489163765662-1.24228796348599j), (0.59082799739071+0.784078051748116j), (0.599608171529053+0.843079301441907j), (0.613525209321263+0.810760493986759j), (0.536415838840858+0.792042710688293j), (0.478378685381192+0.886897865908135j), (0.513068002062107+0.920629810992505j), (0.4657699413671+0.900798384478124j), (0.454857492613994+0.900841215953726j), (-0.912737868525267+0.394743804298097j), (-0.886503813199624+0.467566415917489j), (-0.904055095772869+0.381101584281779j), (-0.89744079388828+0.34078098442148j), (-0.952565053263899+0.404905509359027j), (-0.979098566169281+0.281593860096552j), (-0.951756765936465+0.291239017887326j), (-0.968644464230746+0.174462190447596j), (0.28499970310838+0.313643137018593j), (0.278868732621398+0.325648236882202j), (0.244012256192209+0.323572361787661j), (0.260485992849488+0.425657550636615j), (0.291421409076455+0.351256950604244j), (0.263904301878155+0.428038232547386j), (0.232288752253481+0.405242946679101j), (0.252303812784467+0.375325062533493j), (-0.21958142433719-0.396052181239073j), (-0.197249349374405-0.394270100615433j), (-0.169222378222134-0.394851230585876j), (-0.19365016243503-0.404119323096055j), (-0.176053119975613-0.396497061683126j), (-0.163244210006898-0.440198412305257j), (-0.16170874130115-0.410444622728559j), (-0.147583708656295-0.35208393380644j), (-0.162846813067453-0.4303524328277j), (-0.0908286195160197-0.373826673948568j), (-0.101120135768715-0.38804812706488j), (-0.15425312713696-0.498846173048198j), (-0.0618475036567689-0.455479185781959j), (-0.0465250769420155-0.41925151038244j), (-0.0923011553134277-0.459635324574492j), (-0.0558761586363623-0.438805630330099j), (0.503058005147306-0.0413716035974968j), (0.465210953574597+0.000817239678348486j), (0.497079148153953+0.00132641554210168j), (0.42654075931153+0.000347741586296888j), (0.415656838745234+0.0650632958333745j), (0.428178540614377-0.0233516957396136j), (0.447006153625712+0.0133505774398488j), (0.446380283791531-0.0323786462224285j), (-0.0282940939431691+0.440101212698491j), (-0.0276389116039013+0.480886443766224j), (-0.0669276496617852+0.479988746038545j), (-0.0606775597436111+0.393321952801851j), (-0.0597803775992227+0.432066566335452j), (-0.0822014877966819+0.454642578189161j), (-0.0997266194903891+0.443396266113214j), (-0.0890370240519005+0.39604963305404j), (-0.393836985015024+1.25747273971057j), (-0.411019265883951+1.22213075454695j), (-0.521869306911869+1.32293154090093j), (-0.531712837966401+1.24699877025065j), (-0.47321188654575+1.19676443464596j), (-0.514186646951515+1.19683844220489j), (-0.588817977996665+1.19552960996037j), (-0.620730477433864+1.19589724176214j), (-0.850508899904695+0.559283743649986j), (-0.816205055986451+0.532112337196452j), (-0.837074963077007+0.55691634510919j), (-0.827440904199488+0.55900362786275j), (-0.91726222105296+0.530789017022343j), (-0.943373771151246+0.454494659242718j), (-0.916385605591381+0.458711567819076j), (-0.888653690274654+0.416770643131456j), (0.384443710008453+0.929510856840587j), (0.31963508639334+0.924949039832076j), (0.345775699079592+0.97333874203822j), (0.278333358054112+0.938591039134664j), (0.216471936069499+0.99401977015989j), (0.261166702801474+0.980160359412029j), (0.29199446499703+1.0015407900481j), (0.188707724073803+0.911969928253947j), (-0.458486962452151+0.905556891486327j), (-0.396862367257612+0.889795741709119j), (-0.443567562980393+0.922399233597303j), (-0.498965439514072+0.902355654716071j), (-0.443781892083335+0.870732886192354j), (-0.560962996527154+0.941353080455567j), (-0.585169162816244+0.812983377550221j), (-0.584003294990328+0.830277799747158j), (-0.0512404562729271+1.04621084293354j), (-0.0765972897089912+1.0220117224348j), (-0.0180835103120165+0.967157155024761j), (-0.0902354313558337+0.979595328802774j), (-0.114502481712423+0.982963034919174j), (-0.101081127459665+0.95388617060794j), (-0.0908246235100828+0.999748297338621j), (-0.140259658118643+0.941846195282492j), (-0.671053049669048-0.721251209177898j), (-0.661543110243783-0.760616373506531j), (-0.699600237189509-0.794476772566033j), (-0.58993009827432-0.724463445411448j), (-0.585258595460882-0.776016357764057j), (-0.537074830751582-0.834973221112794j), (-0.526987887328634-0.805223857573237j), (-0.539933328049561-0.82235809970724j), (-0.429874398736005+0.897129767161233j), (-0.457794794788425+0.887711743909312j), (-0.454595126100166+0.911190463934537j), (-0.459131977238242+0.906701145139644j), (-0.408419163121329+0.907168137483158j), (-0.497601280678632+0.818709733891631j), (-0.577388325250351+0.855203520058927j), (-0.532834235601651+0.825562538426574j))
((0.0432468460658841-0.0109829160911651j), (0.0253751681132572+0.000447248135650828j), (0.0527419370877016+0.050250225805721j), (-0.0561465816753219+0.056254739484554j), (-0.00676962811634627-0.0364146121375123j), (-0.0813816775649556+2.60686259496819e-05j), (-0.0287822479204528-0.0220807764660082j), (-0.0255833723830197+0.010416338555983j), (-0.0184836359368022+0.0316250315481807j), (-0.0125826208053997+0.0510898347439257j), (-0.0589396430293842-0.0388284724074717j), (0.00436984986049114-0.00780053381158093j), (-0.0397808465426508-0.0386649952432922j), (0.0336167542270985-0.0429766736553049j), (0.0779608840974617-0.00176784679978041j), (-0.0680204114715681-0.031166128969179j), (-0.00162967584097104-0.02742090434464j), (-0.0329825321328372-0.00654654764682551j), (-0.0201654284424175-0.0613482301242441j), (0.039793638058959+0.0289388765595285j), (0.0316125847594532+0.0405861513394364j), (0.0404702246504144-0.0236438057791433j), (-0.00682511502543191+0.0257993188409227j), (-0.0191915840378346-0.00322631613897733j), (-0.0488469030913125+0.0391946384514676j), (-0.0163936937622356-0.0381735105957622j), (-0.0400938265969804+0.0672085548559345j), (0.0467798010806994-0.0295545299953685j), (0.0292531902318742-0.0251750862703395j), (0.0299444800494059-0.0190990705962625j), (0.0221421483617622-0.0497745482937607j), (0.0127629799041702+0.0186242531935183j), (-0.0219124528632887+0.00245652084836915j), (-0.00598257313442152-0.0210970729690707j), (-0.0284278059914081+0.0013462793361587j), (-0.0339971437176241+0.00715956590667785j), (0.0656873836382395+0.0169191764612144j), (-0.0419419218916079+0.0121222954915165j), (0.0224308784300456-0.0150776606023548j), (-0.00481207851266921-0.0618088655978639j), (0.0109757610134791+0.00971494791171653j), (0.0166458201166539+0.00408311773306497j), (-0.00537097087076675-0.0304222336250635j), (0.0579406639323015+0.0440479968877515j), (0.0352818721287164-0.0391769825270681j), (0.000369478972523103+0.00470450413018177j), (-0.00827927250580368-0.0483895223343653j), (-0.0094120762274633+0.0106217349517001j), (0.0170135905561483+0.0158988558922156j), (-0.0113569331010315+0.00866869243274767j), (-0.0215612307859672-0.0139430573394515j), (0.0246060979072268+0.0100130225228015j), (-0.0243504933040722+0.0216461311720889j), (0.00012936623751942+0.0387468973197061j), (0.0271697881814058+0.0111050855029167j), (-0.0284915714651188+0.0297910028504097j), (0.00408722285777174-0.018511162483112j), (-0.0540860966246661-0.015101483019378j), (-0.0478278918053343+0.0086518073438585j), (0.0219215458511136+0.00159904854822251j), (0.0106012114713002+0.0500591214309181j), (-0.0327706609415487-0.0121472555232694j), (0.00326170626382841+0.00948895230514177j), (-0.00929517070758338+0.0287538784853152j), (-0.0383301023976022+0.0444997374602092j), (-0.0465256595236506-0.0168020695469857j), (0.00407863270164418-0.0322263186599206j), (-0.0316111303484226+0.0119944706536289j), (-0.034788086549807-0.0131634516645618j), (-0.0401593913603127-0.00964673894131229j), (-0.0166647312194404+0.0220106674965067j), (-0.0091269139968712-0.0166747794513866j), (0.0199413030616164+0.0609521371755144j), (0.00716498024758829-0.0209325044658257j), (0.036280729534457+0.0541821801372646j), (0.0176407677697524-0.00466959798732408j), (0.0169365458763813+0.0021193943194288j), (-0.00381304276527776-0.0513352341537749j), (0.0139456980686403+0.0331649564531894j), (0.0333660842790163-0.0142996768817862j), (-0.00739093640770053-0.0123023689445025j), (0.00026797565786549+0.0536264882217261j), (-0.0443835608406344+0.0241825288997913j), (-0.0131655766234814+0.0579775069723973j), (-0.0268587491954955-0.0227092448795864j), (-0.0130980830594661-0.0425657536402448j), (0.00771111101195572-0.0362962954648958j), (-0.0108153586377205+0.0324228698890275j), (0.0151346380498981+0.0581724210242753j), (0.0476443338212526-0.00722878927169691j), (-0.00421258514432136+0.0115989781920608j), (0.0326252299207954-0.0308254590628519j), (0.026050414078768+0.0120979279666421j), (0.025482504795451+0.00141642612449193j), (0.00412459804564484-0.000468019818809381j), (-0.00421117802913309-0.0237221217609752j), (-0.0288978387178998+0.00933988111240778j), (-0.0116122007529131-0.0145978264765853j), (0.00763264773574779+0.0392885822335892j), (-0.0429761288076624+0.0696171684546435j), (0.0636534829144502-0.0189493547990416j), (-0.0420294712321935-0.031857725907241j), (0.00141269226994636-0.0213852995791952j), (-0.0310797360372071+0.0233671116791945j), (0.00082899710959281-0.0253464361654823j), (-0.00437147065574971+0.0205975774799067j), (-0.0305885973785032-0.0394420320214149j), (-0.0536811082663761-0.0325843083183909j), (0.0422977602212672+0.0584292083191103j), (-0.0123425036425162+0.0379078535570048j), (0.00469767283932213+0.0122110993084297j), (-0.0163547688688383-0.0318929404128076j), (-0.0146127126898532+0.0136232779479959j), (-0.0236079281755755-0.0350106046133031j), (-0.0136911188249399+0.00677475367988256j), (0.0114809486597239-0.000137926475703933j), (-0.0112909445717537-0.0277464242360989j), (-0.00583367308877504-0.0175493292204069j), (-0.0245581594536044-0.00432008393735009j), (0.0629472824683988-0.0092604024654398j), (-0.0171994744853272+0.00975809409219656j), (-0.029561294586899+0.0214587492862435j), (-0.00135278417184189+0.0407108834183093j), (-0.0153491423748417-0.0305460246869629j), (-0.0121835396764107-0.000802724964828673j), (0.0479835918955862+0.007597078469605j), (0.00533526329659465-0.00592000800282688j), (0.0230489539607543-0.0624109807722658j), (0.037710776222915-0.0228595534015982j), (0.0280994502074906-0.0148896469065251j), (0.0294489847536139+0.0235994520312394j), (-0.0280537311741869-0.0381127099076684j), (-0.00111736540886601-0.0134115482665011j), (0.0116126815541864-0.0445506867352765j), (-0.0139853710747964-0.0635776691913573j), (0.0154850053737855+0.0591705339452027j), (-0.02531187067713-0.0431704376073778j), (0.0200114457306425-0.013595096379538j), (-0.0268040460991055-0.00749216278537593j), (-0.0583931089785476-0.0607893186819509j), (-0.060237421904463-0.0742755344838378j), (-0.00499417319543331-0.0246597559532689j), (-0.0148584217328513-0.0194473088652969j), (-0.0348030731430494-0.00935521182709221j), (0.00926840139168957+0.0330389782797479j), (0.0259739863982603+0.0238666346845042j), (-0.0126071309821254+0.00934190115840497j), (-0.025311235020096+0.0294336645827374j), (-0.0229762221158439-0.0768677378979073j), (0.00400100921250387-0.00240302614418258j), (0.0363251271478309+0.00012675498754381j), (0.00141030444148625-0.0322351182346305j), (0.0092150828824347-0.0313399052248426j), (0.0171399860588751-0.0122747785556457j), (0.0429300394528222-0.0127652196253228j), (-0.0446004445348265-0.0118758278459195j), (0.0115930727109325-0.0105448261237601j), (-0.00158338122889528-0.0273938083726021j), (-0.0226931969092078-0.0836980648204274j), (-0.0263530998275595+0.00409364497608631j), (0.0839669156469743-0.0256658165285386j), (0.0394701336987361-0.00242755164070968j), (-0.0112459279121445+0.0114067269257274j), (-0.0445338053587714+0.0131746154527142j), (-0.00757222236899847-0.018744097647249j), (-0.00773612414382375+0.0336632832127563j), (0.0101697453868787-0.00455924420441849j), (0.0307021708477086-0.0536101344654017j), (0.0265001959664567+0.0169165377238891j), (0.0385922041054817-0.0202336566775828j), (-0.0172662071871941+0.0202042843055743j), (0.0502911162345597-0.0448389593111207j), (0.0660742739269198+0.061145685785057j), (-0.0118409885153343+0.0236485474555842j), (0.0050203733241508-0.00119768650807696j), (0.00577946861629346+0.0248229246483886j), (-0.0584416814320643+0.00527207989231286j), (0.00390096746910841+0.0488225058051734j), (-0.0213099619470464-0.0192075420633378j), (0.0512124270207979+0.028456124111561j), (0.00313709110680542+0.0171038488078826j), (-0.0425215379486471-0.0360130953678687j), (-0.0252306550251672+0.0630146435307281j), (-0.0038956573507445+0.00821517741298704j), (-0.0184004934011812-0.00656277842386731j), (-0.00146017568373595-0.0652269583076841j), (-0.044787998576638-0.0650313151501208j), (0.076768661671987-0.00117576817881777j), (0.000314429123000774-0.0813950266165464j), (-0.0158818742064931-0.0592909851523344j), (0.0288398452325304-0.0400492351291957j), (0.0121337689026341-0.00905642696224997j), (-0.0319977930110902-0.0155602132154535j), (-0.0157353278694906+0.0205136416958549j), (-0.00721671311747618-0.0322639669249389j), (-0.0231012414327443+0.0159432917330715j), (-0.00585039263770302-0.0090594943699805j), (-0.0503761639524953-0.0507045351395155j), (-0.0469481524711366+0.0278095202809097j), (0.017580236905624+0.0158275967268761j), (-0.0470033015418586-0.0130967052891104j), (0.0330140960710479-0.00580961898954811j), (0.051604426813689-0.0724801528235828j), (-0.0132417578655113+0.00451773446174255j), (-0.017316074048291+0.0239469215434705j), (0.0347457273993937-0.0271572342186438j), (-0.00145271927496574+0.0205162603087581j), (0.0120175076675644+0.0197309410492802j), (0.00575522717641302-0.00409833926268776j), (-0.0439219280436415+0.00120845270755013j), (-0.00631480685745472+0.0119040452570564j), (0.0217852760111343+0.0155765692563188j), (0.00291040325487437-0.0094417937503783j), (0.00443935461892728-0.00758047358852407j), (0.00186876230849644-0.0126301974344345j), (-0.0444671606474071+0.00831769103592407j), (0.0461029451910273+0.0255492662643129j), (0.0224798645497624-0.0648974883052816j), (0.0326374776161572-0.00865240608458953j), (0.0350620631064962-0.0245009240919541j), (0.000203060200189557-0.00733088094188289j), (0.00342929026786585+0.00411803103781857j), (0.0624265180716276-0.00439530577183646j), (-0.0280405258269049-0.025233245030707j), (0.0331933644886264+0.0127807991610699j), (-0.0110012351070075-0.0128566692761686j), (-0.024188403308237-0.033225577973255j), (-0.000220807083923856+0.026110625176587j), (0.0178553109948527-0.0287130146185345j), (-0.0271958366512003+0.0745587767259868j), (0.00844463621260862-0.0248577647077903j), (-0.0589132599214812-0.0254659068190978j), (-0.00780129890985156+0.00480340728938838j), (0.000369226551472117+0.00530345068536826j), (0.00466309915383636+0.00262715042785112j), (0.0560186087722838-0.0754889412440093j), (-0.00460656069003459+0.0268354964717992j), (-0.00864296111895243+0.0442042385264723j), (-0.0253466165609284-0.0171617837860929j), (-0.00966391390142968-0.00852420736187696j), (0.0106963195387622+0.0597839102171735j), (-0.0224097834511196+0.0167924379688838j), (-0.0454032294375421+0.0162939583435833j), (-0.0798856715773511-0.0595077538270217j), (-0.00292889264231584+0.00111212755255194j), (0.00231879334126528+0.0166325693531833j), (0.0534127141007204-0.0123396892996566j), (0.0291648344041547-0.0205038943045066j), (0.00668208486627417-0.0187059041848251j), (0.0146489395486207+0.0181094658541899j), (-0.0114300899139099+0.021343147631865j), (0.017514756408615-0.0419581015990896j), (-0.0298502447065443-0.0305334831560894j), (-0.0291929093442822-0.0204724950081038j), (0.0247309845966486-0.0063258465452846j), (-0.0243767834250488+0.0408655217242149j), (0.0279622958755949+0.00814647954595895j), (0.0264433626489319+0.0118528124386346j), (-0.0205798622522355+0.015151236907328j), (-0.0241781209827599-0.0229219593659701j), (-0.106747846124795+0.00403189982043624j), (0.00607305582726336+0.0226857730474963j), (0.00331810728039564+0.00629094892028379j), (0.0309528771970545+0.00831538169264937j), (0.00580137890451406-0.0391920148006648j), (-0.0364101539915499+0.0084845420653516j), (-0.0388812155525572+0.0527253989507152j), (-0.015064549499563+0.00350322604251129j), (-0.00348867130739852+0.00719028200920288j), (0.00691295534715788-0.0229243122093325j), (-0.00501571741254754+0.0420270324828675j), (0.0575819626428407-0.00939225376007428j), (0.0286104320636487-0.0154979074769792j), (-0.0347531112017252+0.0422111126960034j), (0.0331097173200497-0.0448138718783054j), (-0.0124791162562344-0.0279354943186387j), (0.00877731261958558+0.0162854595105325j), (-0.0213845237060154-0.0206684234301399j), (-0.0432215985423793-0.0469201722346907j), (0.00522503853168231+0.0130080600156755j), (0.00935635668117638-0.0161005452793677j), (-0.0198149747245757+0.0466907629991104j), (-0.038027023478284+0.0289158546990339j), (0.0392336605342886-0.0277961429205071j), (0.0322357803040963+0.0319832666360248j), (-0.0141525713333089-0.00174920937294189j), (0.0234798577823157+0.0198097781473899j), (0.0413710520092597+0.0179989492347589j), (0.0532791398569469+0.00962740948948171j), (0.0234876355948491+0.0259877777072414j), (-0.101850578606274+0.00107987749294846j), (0.0096344816099825+0.0481005033543189j), (-0.0112023154378354-0.005606446903587j), (0.0537156156911018-0.0394207929900691j), (-0.0339034738035238-0.0157249537790457j), (-0.0116927334792609+0.0051819159512056j), (-0.0324408535531667-0.00283919615835283j), (-0.0542262923489088-0.0527471712870851j), (-0.0185597363327982+0.0120050517854946j), (-0.0157336996237+0.0132934728694565j), (-0.0358467994191561-0.0409965991306686j), (0.0280645333209497-0.00684399656731152j), (0.00265074629676884-0.00861143494932907j), (-0.0458597318881102+0.0124294941957723j), (0.0281935353294905-0.0206045336733286j), (-0.0298463128909449-0.0409191386961441j), (0.0329820153599657-0.019251362458482j), (0.00856379827296554-0.0543636500824386j), (0.0235314037561015+0.00522157174878553j), (0.0337260716374974-0.042483237339782j), (0.042269570902421-0.0068532179624307j), (0.0085109547263112-0.0176892667722551j), (0.036468322319504+0.0676935558863656j), (0.0286353904586797+0.014514459330251j), (0.014319821408172+0.0438725401164108j), (0.0189135139647465+0.0364858197227497j), (-0.00733262509199642+0.00557267736496849j), (0.0454157398884279-0.0021099638157941j), (-0.018473958273102-0.0121914504897622j), (0.00788315463420273+0.0266121183097254j), (0.0185636530520016+0.010809530257644j), (-0.0304771088293104+0.00496258859206015j), (0.0858188737101759-0.0216404931923215j), (-0.024643552582396+0.00370788510301547j), (0.00736245742616558-0.0100461230597721j), (0.014077386127192+0.0335682889149982j), (-0.0233788690149196+0.0392341867216214j), (0.0402512717818446+0.0638550046765446j), (-0.00704888497452897+0.0215823219633296j), (0.0155413486494103+0.0376431613956528j), (-0.0362234722119506-0.04445308443906j), (0.00398102855241759-0.00359396022279292j), (0.0638635620752452-0.0601501402140493j), (0.000486385164866092+0.0545270727750919j), (-0.00284488395491781-0.0193303008648531j), (-0.0416399642707386+0.0353265680854453j), (-1.36201203645523e-05+0.0311070136300332j), (-0.0102357386714374+0.000546324680852864j), (-0.0440484204863128-0.0308781123839262j), (0.00591719703504507-0.023139750708228j), (0.0220597359589061+0.0181646077575137j), (0.0229115008897941+0.0177164543232675j), (-0.0216985692246528+0.00172950593262191j), (-0.0124464702708159-0.00739149791096732j), (0.0268064615884791-0.00394441199902147j), (0.0359207147602726+0.0154273055114993j), (-0.040160307094081+0.0199875251523487j), (0.0105444818525127+0.0153191871012467j), (-0.0282382661203881-0.053387116484025j), (-0.0101487774055743+0.0328026017454895j), (0.0471674131262612-0.00745890701541829j), (0.00192272364313653+0.0315441950261879j), (-0.00755076799073676+0.0266180879366334j), (-0.0149671500527867-0.0346005651589882j), (0.0127069381048968-0.0192995324386116j), (-0.0533765787716805+0.0351471957271474j), (0.0632574270148891-0.0187596964337232j), (-0.0345247199060695-0.0114808487054274j), (0.0106086676209605-0.0212895957204862j), (0.0165756354246782+0.017201620725944j), (-0.0142678615484739+0.0779595526327092j), (-0.0263504700588614+0.0109039451703866j), (-0.0111634632566251+0.00297062966967822j), (-0.0151494670453516-0.00270867642582673j), (-0.0831720895678252+0.00971396840033142j), (-0.0234581060547694+0.00475808831096515j), (0.038825105769701-0.0269232913480599j), (0.0228260783751264+0.0268672610850741j), (-0.0356739535427159-0.00315493277236748j), (-0.0366444679391536+0.00102909946765747j), (-0.00454178445194828+0.0400479612135365j), (0.0432788811935348-0.0305121330291622j), (-0.0100419504227915-0.0400581820753519j), (0.0535383272608506+0.0343642282726323j), (0.00842450752344807-0.0115098372332762j), (0.0421498555496315+0.035202558291232j), (0.00375127297363894-0.0247616454728223j), (-0.00045503934221712+0.0124444592105183j), (0.0263620155514866+0.0423951605624172j), (-0.0158918418789279-0.00784906076251016j), (-0.0537844452655242+0.0253356783126963j), (0.0432457900673138+0.0228033323965173j), (-0.0171016903195301-0.00432327812565593j), (-0.000720493770670198+0.0274176387508087j), (0.0169595027378847-0.020552364336079j), (-0.020909274334226+0.0198456738998272j), (-0.00507211132556268+0.0275061172101144j), (0.0288813645703774+0.041470080550809j), (-0.0182286785157795-0.0149207993970328j), (0.0121473956168145+0.0219215742986131j)
[...]
51060673594475j), (0.004704196471720934+0.011326052248477936j), (0.05443977192044258-0.000266971968812868j), (0.03731958568096161+0.04048726335167885j), (0.01840253546833992+0.024498123675584793j), (0.0011607767082750797-0.024217858910560608j), (0.046465300023555756-0.03192363306879997j), (0.023605860769748688-0.012869086116552353j), (-0.01715044118463993-0.03591228276491165j), (0.019441546872258186+0.007784554269164801j), (-0.04424252733588219+0.034498341381549835j), (-0.0364200696349144+0.0010318109998479486j), (0.08376044034957886-0.06409595906734467j), (-0.01543197687715292+0.02650778368115425j), (0.009162353351712227-0.010625021532177925j), (-0.036028776317834854-0.02613145485520363j), (0.020871205255389214+0.008123427629470825j), (0.006625693291425705-0.02692960388958454j), (0.0030626198276877403-0.009703763760626316j), (-0.0036995778791606426-0.01389321405440569j), (-0.015065351501107216+0.02825438417494297j), (-0.021513964980840683+0.01583022251725197j), (0.009710741229355335-0.015570512972772121j), (-0.028926128521561623-0.06648388504981995j), (-0.032984327524900436+0.0015534283593297005j), (0.021051574498414993-0.06261805444955826j), (-0.05737743526697159+0.030254120007157326j), (-0.004839164204895496+0.014250724576413631j), (-0.03147859126329422+0.007091282866895199j), (-0.010125511325895786+0.052846260368824005j), (-0.015474991872906685-0.028681617230176926j), (-0.014471570029854774+0.00955420732498169j), (0.013606082648038864+0.025431359186768532j), (-0.02027110569179058-0.022721514105796814j), (0.00021321323583833873+0.015009135939180851j), (0.020733170211315155-0.026246648281812668j), (-0.006459591444581747-0.0354783870279789j), (-0.07264125347137451-0.019199445843696594j), (-0.019293559715151787+0.02910919301211834j), (-0.019269753247499466-0.03882650285959244j), (0.07297112792730331-0.011939795687794685j), (0.026978518813848495-0.00047682656440883875j), (-0.016143877059221268-0.027888067066669464j), (-0.029972754418849945-0.007647165097296238j), (-0.0038005225360393524+0.014727463014423847j), (-0.042658399790525436+0.022355547174811363j), (-0.03487186133861542-0.04048246145248413j), (0.004836042877286673+0.007705317344516516j), (0.0024571027606725693-0.057458557188510895j), (-0.007349954918026924-0.02236652746796608j), (0.06352759152650833-0.029894955456256866j), (0.019952530041337013+0.017722370103001595j), (-0.008974832482635975+0.04070829600095749j), (-0.003716083476319909+0.022431328892707825j), (0.057237692177295685-0.026289111003279686j), (0.008522487245500088+0.014154618605971336j), (0.05538259074091911+0.02361367456614971j), (-0.0042343526147305965+0.0313350148499012j), (0.0180695578455925+0.1137675791978836j), (0.027024053037166595+0.04165361821651459j), (0.02741144225001335-0.011262701824307442j), (0.04214983806014061+0.010638268664479256j), (0.08032777160406113+0.005247537977993488j), (-0.044505469501018524+0.022759662941098213j), (0.01042085886001587+0.005263287574052811j), (-0.03198574483394623-0.08125405758619308j), (-0.01767164096236229+0.010509046725928783j), (-0.001299521536566317-0.0038164486177265644j), (-0.04041927307844162-0.05512573942542076j), (-0.009237579070031643+0.034177280962467194j), (0.0368795171380043+0.010358046740293503j), (-0.015461089089512825-0.014042221941053867j), (-0.012957384809851646-0.058291591703891754j), (-0.02839355356991291-0.02934635616838932j), (0.022929590195417404-0.0526362806558609j), (-0.03454715386033058+0.02243342623114586j), (-0.0047868904657661915+0.018416889011859894j), (0.021292051300406456-0.0005022460827603936j), (-0.020329773426055908-0.0910031870007515j), (0.017687393352389336+0.05854013189673424j), (-0.014805723913013935+0.04077978432178497j), (-0.07798070460557938-0.03225102648139j), (-0.014770000241696835+0.05238316208124161j), (0.0353531539440155-0.0007004354847595096j), (0.01265203021466732+0.007141283713281155j), (-0.007102083880454302-0.009927778504788876j), (-0.028222983703017235-0.011014508083462715j), (-0.06314371526241302-0.002254355698823929j), (-0.04656139388680458+0.021836193278431892j), (0.005567748565226793+0.04293657839298248j), (0.0192680936306715-0.012586085125803947j), (0.016620850190520287-0.04580410197377205j), (-0.0018787410808727145+0.03395324945449829j), (0.011150465346872807-0.008514165878295898j), (0.017550474032759666+0.014303204603493214j), (0.04790398105978966+0.03013060800731182j), (0.02894117683172226-0.03051128424704075j), (0.012095070444047451-0.0705045610666275j), (-0.012314746156334877+0.03803601861000061j), (-0.02708420343697071-0.014562513679265976j), (0.0059980289079248905+0.01554206945002079j), (0.051587313413619995+0.059411078691482544j), (-0.0021555637940764427+0.023352468386292458j), (-0.024316275492310524-0.007700521033257246j), (-0.005662886425852776-0.03964143991470337j), (-0.023924486711621284+0.035074472427368164j), (0.0159373190253973-0.006939094979315996j), (0.0185518991202116-0.03173036500811577j), (0.008657639846205711-0.0029836678877472878j), (0.00824857596307993+0.028974901884794235j), (0.019173746928572655-0.09615208208560944j), (-0.010145647451281548-0.026668885722756386j), (0.022290797904133797+0.021874742582440376j), (-0.03398450091481209+0.055401165038347244j), (-0.019827451556921005-0.0028483530040830374j), (0.007243583910167217+0.05346843600273132j), (-0.015053840354084969+0.04784004017710686j), (0.0018905687611550093-0.014660795219242573j), (0.0016119227511808276-0.002520314883440733j), (0.06752834469079971+0.009381329640746117j), (-0.004084630403667688-0.02143128588795662j), (-0.04948105663061142-0.030924057587981224j), (-0.03333427011966705+0.02345803752541542j), (0.005348814185708761+0.08342143893241882j), (-0.024375557899475098-0.0037847517523914576j), (0.07234397530555725-0.019081201404333115j), (-0.03679591044783592-0.02399113029241562j), (-0.026615798473358154-0.025496268644928932j), (0.023971937596797943-0.0373920314013958j), (-0.032509930431842804-0.0060951728373765945j), (-0.014969993382692337-0.04345804452896118j), (0.04320753738284111-0.028612354770302773j), (0.022633975371718407+0.001352533814497292j), (-0.007756260223686695-0.05325087532401085j), (-0.00027791879256255925+0.036035776138305664j), (0.00021838286193087697+0.054522935301065445j), (-0.014637191779911518+0.010792789049446583j), (0.04502644017338753-0.0126957381144166j), (0.03526196628808975+0.0498688742518425j), (-0.03871491551399231-0.013386644423007965j), (0.05028161033987999-0.013071333989501j), (0.04116463661193848-0.0184168741106987j), (0.006610874552279711-0.0025819798465818167j), (-0.010572758503258228+0.032704178243875504j), (-0.011928924359381199+0.04882339388132095j), (-0.014961798675358295-0.0065024481154978275j), (-0.03941255807876587-0.05596946179866791j), (-0.027505015954375267+0.0019221396651118994j), (-0.0016071271384134889-0.06767167896032333j), (-0.029637262225151062-0.0881841704249382j), (0.01495057251304388-0.05620504543185234j), (-0.029404781758785248+0.03515933081507683j), (0.0076906620524823666+0.01942201517522335j), (-0.03522541746497154-0.03165920451283455j), (-0.04750419408082962+0.009835268370807171j), (0.016431333497166634-0.014899645932018757j), (-0.012459644116461277-0.00245988299138844j), (-0.012628920376300812-0.018785510212183j), (-0.013436359353363514-0.002411042572930455j), (-0.03965519741177559-0.049173686653375626j), (0.014152823016047478+0.012998349033296108j), (-0.03193431347608566-0.003008398925885558j), (-0.0038202975410968065+0.03740640729665756j), (0.009582718834280968+0.004532210063189268j), (0.015590204857289791+0.04541979730129242j), (0.029096366837620735+0.02056451141834259j), (0.006030029151588678-0.00224342942237854j), (0.05956462025642395-0.020276207476854324j), (-0.01656067930161953+0.017110584303736687j), (0.007464168127626181+0.041463591158390045j), (-0.03458261862397194+0.0011586459586396813j), (-0.03192742168903351-0.04369432479143143j), (0.035691745579242706+0.01947692595422268j), (0.009423631243407726-0.01650809682905674j), (-0.05934444069862366+0.0042922538705170155j), (0.00803435780107975+0.043848346918821335j), (0.01106516644358635-0.01346775982528925j), (-0.01585930399596691-0.04522572085261345j), (-0.032926082611083984+0.0050235833041369915j), (-0.02428394928574562-0.004333460703492165j), (0.02393030747771263-0.0745936781167984j), (-0.0009704249096103013+0.05004224181175232j), (-0.006868538446724415-0.03436575457453728j), (0.0646994337439537+0.03677060082554817j), (0.010035527870059013+0.01523306779563427j), (0.03379933163523674-0.026486024260520935j), (-0.058401111513376236-0.004192760679870844j), (-0.007821355946362019+0.02962491847574711j), (-0.005399591755121946+0.021879516541957855j), (-0.028458328917622566+0.014847430400550365j), (-0.030257390812039375-0.05313970893621445j), (0.04461640864610672-0.021590154618024826j), (-0.004366656299680471+0.02979321777820587j), (-0.04842150956392288-0.02483902871608734j), (-0.015562532469630241-0.0018825375009328127j), (0.007946459576487541+0.014017010107636452j), (-0.026560304686427116+0.007661963813006878j), (-0.0834876075387001-0.011756543070077896j), (0.045016009360551834+0.029159005731344223j), (-0.028786148875951767+0.010911861434578896j), (-0.007593964692205191-0.004632321652024984j), (0.032725993543863297-0.09604831784963608j), (-0.016673177480697632+0.04870113730430603j), (0.005530416499823332+0.010271994397044182j), (0.03967157378792763-0.000524184200912714j), (-0.03293066844344139+0.005170656368136406j), (0.0365866981446743-0.031158700585365295j), (0.04370971396565437+0.01197036076337099j), (0.005157665815204382-0.00744676124304533j), (0.026468679308891296+0.02181074768304825j), (-0.03726319223642349+0.001358761335723102j), (0.03134499490261078-0.028670363128185272j), (-0.003006802638992667+0.019994553178548813j), (-0.044043149799108505-0.025585059076547623j), (-0.013934566639363766-0.03221394866704941j), (-0.017799127846956253-0.03145254775881767j), (0.008354365825653076+0.006656123790889978j), (0.0291345976293087+0.022595195099711418j), (-0.0019091236172243953-0.06636184453964233j), (-0.036329496651887894-0.010884136892855167j), (0.7616744637489319-1.0553020238876343j), (0.7589835524559021-1.143913984298706j), (0.7772637605667114-1.098562240600586j), (0.790678083896637-1.0204683542251587j), (0.8564506769180298-1.0042840242385864j), (0.8412789106369019-1.0125104188919067j), (0.8471223711967468-1.0217171907424927j), (0.9251620173454285-0.9857139587402344j), (-0.28360605239868164-0.3220469355583191j), (-0.28275489807128906-0.32347002625465393j), (-0.32014310359954834-0.32806533575057983j), (-0.3074532151222229-0.31376996636390686j), (-0.3366057872772217-0.3337313234806061j), (-0.30072546005249023-0.28627121448516846j), (-0.34426483511924744-0.3031544089317322j), (-0.2637845575809479-0.2996905744075775j), (0.952330470085144-0.19039054214954376j), (0.9924278259277344-0.1998838186264038j), (1.0245757102966309-0.12671884894371033j), (1.0505461692810059-0.16445386409759521j), (0.9997050762176514-0.20304237306118011j), (1.0057498216629028-0.1194896399974823j), (1.0234814882278442-0.17726704478263855j), (1.0131282806396484-0.08707751333713531j), (0.7499040365219116+1.188185214996338j), (0.7556451559066772+1.1263444423675537j), (0.7195006608963013+1.073867678642273j), (0.6745122671127319+1.1853601932525635j), (0.6887273192405701+1.1453425884246826j), (0.7016046643257141+1.1422728300094604j), (0.6453574299812317+1.1528609991073608j), (0.6939147114753723+1.166670799255371j), (0.4720536470413208-0.8187296986579895j), (0.5830115675926208-0.8105593919754028j), (0.524962306022644-0.879494309425354j), (0.5691729784011841-0.8185833096504211j), (0.5660602450370789-0.827048659324646j), (0.5962198972702026-0.8730446100234985j), (0.5355539917945862-0.804917573928833j), (0.5678125619888306-0.8167913556098938j), (1.0576814413070679-0.04210573062300682j), (1.0431245565414429+0.013364956714212894j), (1.0110883712768555+0.05822588875889778j), (0.9955267310142517+0.013245164416730404j), (0.9215943813323975+0.0795278400182724j), (0.982668399810791+0.07979755103588104j), (1.0161700248718262+0.11356615275144577j), (1.047454595565796+0.15882568061351776j), (0.13958880305290222+0.4109123945236206j), (0.11635088920593262+0.4332088828086853j), (0.1553080976009369+0.4109967052936554j), (0.13865716755390167+0.4234015941619873j), (0.10034609586000443+0.40853312611579895j), (0.12340204417705536+0.3925078511238098j), (0.09733360260725021+0.42758700251579285j), (0.16018879413604736+0.4252789318561554j), (0.4722907245159149+1.2836655378341675j), (0.3851476013660431+1.2258790731430054j), (0.4361766576766968+1.291046142578125j), (0.3737856149673462+1.2892777919769287j), (0.4095442295074463+1.304022192955017j), (0.3827991187572479+1.34324312210083j), (0.3081369996070862+1.2931698560714722j), (0.3238113820552826+1.2942770719528198j), (-0.9991342425346375-0.26562246680259705j), (-0.9958942532539368-0.20653162896633148j), (-0.9958987832069397-0.22567309439182281j), (-0.9851906895637512-0.24821022152900696j), (-0.9411891102790833-0.311856746673584j), (-0.9757624864578247-0.31728366017341614j), (-0.9143500924110413-0.32256174087524414j), (-0.9688258767127991-0.34855416417121887j), (-0.8189337253570557+0.5078645348548889j), (-0.8590804934501648+0.5566497445106506j), (-0.8797078728675842+0.5621164441108704j), (-0.8903857469558716+0.41224756836891174j), (-0.8724434971809387+0.4947435259819031j), (-0.8662736415863037+0.536898136138916j), (-0.8794569373130798+0.45342397689819336j), (-0.888746976852417+0.4499925673007965j), (-0.5064176321029663+0.8445659875869751j), (-0.5200762152671814+0.872194230556488j), (-0.5378174185752869+0.9039769768714905j), (-0.5072285532951355+0.8800438046455383j), (-0.5122446417808533+0.8750587701797485j), (-0.5071480870246887+0.8302665948867798j), (-0.5271492004394531+0.7489112019538879j), (-0.5425493121147156+0.8245710134506226j), (-0.5029351115226746-0.02669518254697323j), (-0.4760061502456665-0.07159256935119629j), (-0.5094746351242065-0.0567958690226078j), (-0.4553430378437042-0.10976727306842804j), (-0.4645565152168274-0.06312540918588638j), (-0.41227781772613525-0.13750888407230377j), (-0.41983023285865784-0.12190238386392593j), (-0.42930978536605835-0.10296612977981567j), (-0.1240190714597702+0.43775710463523865j), (-0.17884662747383118+0.3829360008239746j), (-0.16114212572574615+0.41412508487701416j), (-0.20010900497436523+0.4032125771045685j), (-0.19716401398181915+0.41354307532310486j), (-0.2009059637784958+0.35887250304222107j), (-0.18971754610538483+0.3980521559715271j), (-0.2514745593070984+0.370888888835907j), (-1.1081180572509766-0.7863694429397583j), (-1.1501681804656982-0.7496371865272522j), (-1.0731924772262573-0.7647693157196045j), (-1.0136529207229614-0.9014855623245239j), (-1.0949465036392212-0.8771257400512695j), (-1.0435025691986084-0.8075350522994995j), (-1.0149041414260864-0.9105567336082458j), (-1.0167160034179688-0.890568733215332j), (0.9267128705978394-0.3241286873817444j), (0.9837518334388733-0.3202264904975891j), (0.9546207785606384-0.34992140531539917j), (0.9122583270072937-0.2878513038158417j), (0.9851357936859131-0.21199414134025574j), (1.0249308347702026-0.24559061229228973j), (0.9908058047294617-0.2160627692937851j), (0.9857463836669922-0.21613511443138123j), (0.16591598093509674+0.9805023670196533j), (0.2546221613883972+0.9693682789802551j), (0.17746827006340027+0.9649140238761902j), (0.15018683671951294+0.9481432437896729j), (0.21496964991092682+1.0124804973602295j), (0.10174275934696198+1.0136950016021729j), (0.129769429564476+0.9868236780166626j), (0.02688777446746826+0.9838628172874451j), (0.3489357829093933-0.24050086736679077j), (0.35606345534324646-0.23881655931472778j), (0.34679120779037476-0.20970673859119415j), (0.4464503526687622-0.22297844290733337j), (0.3700438439846039-0.26716184616088867j), (0.4406447112560272-0.2422693967819214j), (0.4126681089401245-0.2188262641429901j), (0.37867772579193115-0.24724338948726654j), (-0.39497217535972595+0.22151824831962585j), (-0.3896389901638031+0.20624661445617676j), (-0.38724827766418457+0.18596366047859192j), (-0.39091265201568604+0.21908923983573914j), (-0.3801373541355133+0.20904597640037537j), (-0.4206528663635254+0.208505317568779j), (-0.3868085443973541+0.2121170461177826j), (-0.3265257477760315+0.19780032336711884j), (-0.39709869027137756+0.2324541062116623j), (-0.3503226935863495+0.15896612405776978j), (-0.35849714279174805+0.17968422174453735j), (-0.4497155249118805+0.2653252184391022j), (-0.4251754879951477+0.17467743158340454j), (-0.3903711140155792+0.15983366966247559j), (-0.4108991324901581+0.22571222484111786j), (-0.39733216166496277+0.1944214254617691j), (-0.21214203536510468-0.4580117166042328j), (-0.17024987936019897-0.4329397976398468j), (-0.19363176822662354-0.4578167200088501j), (-0.17750284075737-0.38785290718078613j), (-0.12482848763465881-0.4017731547355652j), (-0.22028258442878723-0.3679099678993225j), (-0.20727913081645966-0.39626771211624146j), (-0.25564903020858765-0.367351770401001j), (0.3882632553577423-0.20914414525032043j), (0.41715940833091736-0.2408187985420227j), (0.43279656767845154-0.2180725783109665j), (0.35351431369781494-0.18278832733631134j), (0.37879183888435364-0.21626819670200348j), (0.40486523509025574-0.2225782722234726j), (0.4020000696182251-0.21199429035186768j), (0.3540495038032532-0.1985744833946228j), (1.1838973760604858-0.5785605311393738j), (1.1599841117858887-0.5630075931549072j), (1.303386926651001-0.5689268708229065j), (1.2507392168045044-0.5228534936904907j), (1.1670204401016235-0.5424370765686035j), (1.1904540061950684-0.5288002490997314j), (1.238654375076294-0.49166351556777954j), (1.2565085887908936-0.48647987842559814j), (1.0096650123596191+0.12938444316387177j), (0.9672808051109314+0.1170559898018837j), (1.0000869035720825+0.10332751274108887j), (0.9946815371513367+0.08804631978273392j), (1.0477120876312256+0.15939375758171082j), (1.0221351385116577+0.22750630974769592j), (1.0055456161499023+0.1976279765367508j), (0.9601438045501709+0.20378178358078003j), (0.24423031508922577-0.9757760167121887j), (0.28323182463645935-0.9367374777793884j), (0.2779659032821655-0.9948286414146423j), (0.30100372433662415-0.9315682649612427j), (0.37079182267189026-0.9473377466201782j), (0.311373770236969-0.9653852581977844j), (0.28190910816192627-1.004426121711731j), (0.31051763892173767-0.8779968619346619j), (0.853468120098114-0.5493958592414856j), (0.7865213751792908-0.5749959349632263j), (0.8407914042472839-0.5836456418037415j), (0.8772444128990173-0.5418990254402161j), (0.8111242651939392-0.5451564192771912j), (0.9452383518218994-0.5543911457061768j), (0.902410089969635-0.43476539850234985j), (0.9062849879264832-0.4572402536869049j), (0.5304779410362244-0.9032031297683716j), (0.5291595458984375-0.8777045607566833j), (0.4341723620891571-0.8644155859947205j), (0.4876905679702759-0.8543460965156555j), (0.4944576919078827-0.8572273850440979j), (0.4531688392162323-0.8454313278198242j), (0.4426650106906891-0.9009958505630493j), (0.451983779668808-0.8381274938583374j), (0.4035826623439789+0.8986859917640686j), (0.39619800448417664+0.9269323945045471j), (0.43248891830444336+0.9662231206893921j), (0.3578305244445801+0.8630307912826538j), (0.34850990772247314+0.9073421955108643j), (0.29715150594711304+0.9472753405570984j), (0.3075198829174042+0.9118844866752625j), (0.32885926961898804+0.92717444896698j), (0.6204954385757446-0.7775726318359375j), (0.6303538680076599-0.7747659683227539j), (0.6104686856269836-0.81501704454422j), (0.5925217866897583-0.8257282376289368j), (0.52099609375-0.8475396037101746j), (0.5799327492713928-0.762607753276825j), (0.6432957649230957-0.8067967295646667j), (0.581737756729126-0.791862964630127j)).
----------------------------------------------------------------------
Ran 1 test in 0.004s

OK

<end of output>
Test time =   0.36 sec
----------------------------------------------------------
Test Passed.
"qa_qam_pll" end time: May 13 05:31 UTC
"qa_qam_pll" time elapsed: 00:00:00
----------------------------------------------------------

End testing: May 13 05:31 UTC
